[INFO] Scanning for projects...
[INFO] Inspecting build with total of 1 modules
[INFO] Installing Central Publishing features
[INFO] 
[INFO] ----------< de.cuioss.jwt:cui-jwt-quarkus-integration-tests >-----------
[INFO] Building JWT Token Validation Quarkus Integration Tests 1.0.0-SNAPSHOT
[INFO]   from pom.xml
[INFO] --------------------------------[ jar ]---------------------------------
Downloading from sonatype-snapshots: https://central.sonatype.com/repository/maven-snapshots/de/cuioss/jwt/cui-jwt-quarkus/1.0.0-SNAPSHOT/maven-metadata.xml
Progress (1): 1.2 kB                    Downloaded from sonatype-snapshots: https://central.sonatype.com/repository/maven-snapshots/de/cuioss/jwt/cui-jwt-quarkus/1.0.0-SNAPSHOT/maven-metadata.xml (1.2 kB at 859 B/s)
Downloading from sonatype-snapshots: https://central.sonatype.com/repository/maven-snapshots/de/cuioss/jwt/cui-jwt-quarkus-parent/1.0.0-SNAPSHOT/maven-metadata.xml
Progress (1): 614 B                   Downloaded from sonatype-snapshots: https://central.sonatype.com/repository/maven-snapshots/de/cuioss/jwt/cui-jwt-quarkus-parent/1.0.0-SNAPSHOT/maven-metadata.xml (614 B at 671 B/s)
Downloading from sonatype-snapshots: https://central.sonatype.com/repository/maven-snapshots/de/cuioss/jwt/cui-jwt-parent/1.0.0-SNAPSHOT/maven-metadata.xml
Progress (1): 608 B                   Downloaded from sonatype-snapshots: https://central.sonatype.com/repository/maven-snapshots/de/cuioss/jwt/cui-jwt-parent/1.0.0-SNAPSHOT/maven-metadata.xml (608 B at 730 B/s)
Downloading from sonatype-snapshots: https://central.sonatype.com/repository/maven-snapshots/de/cuioss/jwt/cui-jwt-validation/1.0.0-SNAPSHOT/maven-metadata.xml
Progress (1): 1.4 kB                    Downloaded from sonatype-snapshots: https://central.sonatype.com/repository/maven-snapshots/de/cuioss/jwt/cui-jwt-validation/1.0.0-SNAPSHOT/maven-metadata.xml (1.4 kB at 1.7 kB/s)
Downloading from sonatype-snapshots: https://central.sonatype.com/repository/maven-snapshots/de/cuioss/jwt/cui-jwt-quarkus-deployment/1.0.0-SNAPSHOT/maven-metadata.xml
Progress (1): 1.2 kB                    Downloaded from sonatype-snapshots: https://central.sonatype.com/repository/maven-snapshots/de/cuioss/jwt/cui-jwt-quarkus-deployment/1.0.0-SNAPSHOT/maven-metadata.xml (1.2 kB at 1.4 kB/s)
[INFO] 
[INFO] --- exec:3.5.1:exec (stop-docker-containers) @ cui-jwt-quarkus-integration-tests ---
üõë Stopping JWT Integration Tests Docker containers
üì¶ Stopping Docker containers (native mode)...
üßπ Cleaning up Docker images and volumes...
‚úÖ JWT Integration Tests stopped successfully
‚úÖ All containers are stopped
[INFO] 
[INFO] --- clean:3.5.0:clean (default-clean) @ cui-jwt-quarkus-integration-tests ---
[INFO] Deleting /Users/oliver/git/cui-jwt/cui-jwt-quarkus-parent/cui-jwt-quarkus-integration-tests/target
[INFO] 
[INFO] --- enforcer:3.5.0:enforce (mojo-enforcer-rules) @ cui-jwt-quarkus-integration-tests ---
[INFO] Rule 0: org.apache.maven.enforcer.rules.RequirePluginVersions passed
[INFO] Rule 1: org.apache.maven.enforcer.rules.version.RequireMavenVersion passed
[INFO] Rule 2: org.apache.maven.enforcer.rules.version.RequireJavaVersion passed
[INFO] Rule 3: org.codehaus.mojo.extraenforcer.model.RequirePropertyDiverges passed
[INFO] Rule 4: org.codehaus.mojo.extraenforcer.model.RequirePropertyDiverges passed
[INFO] Rule 5: org.apache.maven.enforcer.rules.RequireSameVersions passed
[INFO] 
[INFO] --- resources:3.3.1:resources (default-resources) @ cui-jwt-quarkus-integration-tests ---
[INFO] Copying 3 resources from src/main/resources to target/classes
[INFO] 
[INFO] --- compiler:3.14.0:compile (default-compile) @ cui-jwt-quarkus-integration-tests ---
[INFO] Recompiling the module because of changed source code.
[INFO] Compiling 2 source files with javac [debug release 21] to target/classes
[INFO] 
[INFO] --- resources:3.3.1:testResources (default-testResources) @ cui-jwt-quarkus-integration-tests ---
[INFO] Copying 1 resource from src/test/resources to target/test-classes
[INFO] 
[INFO] --- compiler:3.14.0:testCompile (default-testCompile) @ cui-jwt-quarkus-integration-tests ---
[INFO] Recompiling the module because of changed dependency.
[INFO] Compiling 10 source files with javac [debug release 21] to target/test-classes
[INFO] 
[INFO] --- surefire:3.5.3:test (default-test) @ cui-jwt-quarkus-integration-tests ---
[INFO] Tests are skipped.
[INFO] 
[INFO] --- jar:3.4.2:jar (default-jar) @ cui-jwt-quarkus-integration-tests ---
[INFO] Building jar: /Users/oliver/git/cui-jwt/cui-jwt-quarkus-parent/cui-jwt-quarkus-integration-tests/target/cui-jwt-quarkus-integration-tests-1.0.0-SNAPSHOT.jar
[INFO] 
[INFO] --- exec:3.5.1:exec (build-native-if-needed) @ cui-jwt-quarkus-integration-tests ---
üî® Native executable not found, building it now...
This will take approximately 2 minutes...
[INFO] Scanning for projects...
[INFO] Inspecting build with total of 1 modules
[INFO] Installing Central Publishing features
[INFO] 
[INFO] ----------< de.cuioss.jwt:cui-jwt-quarkus-integration-tests >-----------
[INFO] Building JWT Token Validation Quarkus Integration Tests 1.0.0-SNAPSHOT
[INFO]   from pom.xml
[INFO] --------------------------------[ jar ]---------------------------------
[INFO] 
[INFO] --- quarkus:3.25.4:build (default-cli) @ cui-jwt-quarkus-integration-tests ---
[INFO] [io.quarkus.deployment.pkg.steps.JarResultBuildStep] Building native image source jar: /Users/oliver/git/cui-jwt/cui-jwt-quarkus-parent/cui-jwt-quarkus-integration-tests/target/cui-jwt-quarkus-integration-tests-1.0.0-SNAPSHOT-native-image-source-jar/cui-jwt-quarkus-integration-tests-1.0.0-SNAPSHOT-runner.jar
[WARNING] [io.smallrye.common.process] SRCOM05000: Command docker (pid 88237) completed but logged errors:
	WARNING: DOCKER_INSECURE_NO_IPTABLES_RAW is set
[INFO] [io.quarkus.deployment.pkg.steps.NativeImageBuildStep] Building native image from /Users/oliver/git/cui-jwt/cui-jwt-quarkus-parent/cui-jwt-quarkus-integration-tests/target/cui-jwt-quarkus-integration-tests-1.0.0-SNAPSHOT-native-image-source-jar/cui-jwt-quarkus-integration-tests-1.0.0-SNAPSHOT-runner.jar
[INFO] [io.quarkus.deployment.pkg.steps.NativeImageBuildContainerRunner] Using docker to run the native image builder
[INFO] [io.quarkus.deployment.pkg.steps.NativeImageBuildContainerRunner] Pulling builder image 'quay.io/quarkus/ubi9-quarkus-mandrel-builder-image:jdk-21'
jdk-21: Pulling from quarkus/ubi9-quarkus-mandrel-builder-image
Digest: sha256:711d26e6c44e025869b132a3bd639208fc6762fc9b58751aff27e3bd2dbfd0f2
Status: Image is up to date for quay.io/quarkus/ubi9-quarkus-mandrel-builder-image:jdk-21
quay.io/quarkus/ubi9-quarkus-mandrel-builder-image:jdk-21
[INFO] [io.quarkus.deployment.pkg.steps.NativeImageBuildStep] Running Quarkus native-image plugin on MANDREL 23.1.8.0 JDK 21.0.8+9-LTS
[INFO] [io.quarkus.deployment.pkg.steps.NativeImageBuildRunner] docker run --env LANG=C --rm --user 501:20 -v /Users/oliver/git/cui-jwt/cui-jwt-quarkus-parent/cui-jwt-quarkus-integration-tests/target/cui-jwt-quarkus-integration-tests-1.0.0-SNAPSHOT-native-image-source-jar:/project:z --name build-native-FbZqR quay.io/quarkus/ubi9-quarkus-mandrel-builder-image:jdk-21 -J-Djava.util.logging.manager=org.jboss.logmanager.LogManager -J-Dsun.nio.ch.maxUpdateArraySize=100 -J-Dlogging.initial-configurator.min-level=500 -J-Duser.language=de -J-Duser.country=DE -J-Dvertx.logger-delegate-factory-class-name=io.quarkus.vertx.core.runtime.VertxLogDelegateFactory -J-Dvertx.disableDnsResolver=true -J-Dio.netty.leakDetection.level=DISABLED -J-Dio.netty.allocator.maxOrder=3 -J-Dquarkus.native.monitoring=jfr -H:+UnlockExperimentalVMOptions -H:IncludeLocales=de-DE -H:-UnlockExperimentalVMOptions -J-Dfile.encoding=UTF-8 -J--add-exports=org.graalvm.nativeimage.builder/com.oracle.svm.core.jdk=ALL-UNNAMED --features=io.quarkus.runner.Feature,io.quarkus.runtime.graal.DisableLoggingFeature,io.quarkus.hibernate.validator.runtime.DisableLoggingFeature,io.quarkus.runtime.graal.SkipConsoleServiceProvidersFeature -J--add-exports=java.security.jgss/sun.security.krb5=ALL-UNNAMED -J--add-exports=java.security.jgss/sun.security.jgss=ALL-UNNAMED -J--add-opens=java.base/java.text=ALL-UNNAMED -J--add-opens=java.base/java.io=ALL-UNNAMED -J--add-opens=java.base/java.lang.invoke=ALL-UNNAMED -J--add-opens=java.base/java.util=ALL-UNNAMED -H:+UnlockExperimentalVMOptions -H:BuildOutputJSONFile=cui-jwt-quarkus-integration-tests-1.0.0-SNAPSHOT-runner-build-output-stats.json -H:-UnlockExperimentalVMOptions -H:+UnlockExperimentalVMOptions -H:+GenerateBuildArtifactsFile -H:-UnlockExperimentalVMOptions --strict-image-heap --install-exit-handlers --enable-url-protocols=https --enable-http --enable-https -O2 -H:+UnlockExperimentalVMOptions -H:+AllowFoldMethods -H:-UnlockExperimentalVMOptions -J-Djava.awt.headless=true --no-fallback --link-at-build-time -H:+UnlockExperimentalVMOptions -H:+ReportExceptionStackTraces -H:-UnlockExperimentalVMOptions -H:-AddAllCharsets --enable-url-protocols=http,https --enable-monitoring=heapdump,jfr -H:+UnlockExperimentalVMOptions -H:-UseServiceLoaderFeature -H:-UnlockExperimentalVMOptions -J--add-exports=org.graalvm.nativeimage/org.graalvm.nativeimage.impl=ALL-UNNAMED --exclude-config io\.netty\.netty-codec /META-INF/native-image/io\.netty/netty-codec/generated/handlers/reflect-config\.json --exclude-config io\.netty\.netty-handler /META-INF/native-image/io\.netty/netty-handler/generated/handlers/reflect-config\.json cui-jwt-quarkus-integration-tests-1.0.0-SNAPSHOT-runner -jar cui-jwt-quarkus-integration-tests-1.0.0-SNAPSHOT-runner.jar
========================================================================================================================
GraalVM Native Image: Generating 'cui-jwt-quarkus-integration-tests-1.0.0-SNAPSHOT-runner' (executable)...
========================================================================================================================
For detailed information and explanations on the build output, visit:
https://github.com/oracle/graal/blob/master/docs/reference-manual/native-image/BuildOutput.md
------------------------------------------------------------------------------------------------------------------------
[1/8] Initializing...                                                                                    (4,9s @ 0,16GB)
 Java version: 21.0.8+9-LTS, vendor version: Mandrel-23.1.8.0-Final
 Graal compiler: optimization level: 2, target machine: armv8-a
 C compiler: gcc (redhat, aarch64, 11.5.0)
 Garbage collector: Serial GC (max heap size: 80% of RAM)
 6 user-specific feature(s):
 - com.oracle.svm.thirdparty.gson.GsonFeature
 - io.quarkus.hibernate.validator.runtime.DisableLoggingFeature: Disables INFO logging during the analysis phase for the [org.hibernate.validator.internal.util.Version] categories
 - io.quarkus.runner.Feature: Auto-generated class by Quarkus from the existing extensions
 - io.quarkus.runtime.graal.DisableLoggingFeature: Adapts logging during the analysis phase
 - io.quarkus.runtime.graal.SkipConsoleServiceProvidersFeature: Skip unsupported console service providers when quarkus.native.auto-service-loader-registration is false
 - org.eclipse.angus.activation.nativeimage.AngusActivationFeature
------------------------------------------------------------------------------------------------------------------------
 5 experimental option(s) unlocked:
 - '-H:+AllowFoldMethods' (origin(s): command line)
 - '-H:BuildOutputJSONFile' (origin(s): command line)
 - '-H:-UseServiceLoaderFeature' (origin(s): command line)
 - '-H:+GenerateBuildArtifactsFile' (origin(s): command line)
 - '-H:AddOpens' (alternative API option(s): --add-opens java.base/java.lang=ALL-UNNAMED; origin(s): command line)
------------------------------------------------------------------------------------------------------------------------
Build resources:
 - 13,09GB of memory (83,6% of 15,66GB system memory, determined at start)
 - 10 thread(s) (100,0% of 10 available processor(s), determined at start)
09:41:10,304 INFO  [de.cui.jwt.qua.con.AccessLogFilterConfigResolver] CUI_JWT_QUARKUS-13: Resolving access log filter configuration from properties
09:41:10,305 INFO  [de.cui.jwt.qua.log.CustomAccessLogFilter] CustomAccessLogFilter initialized: AccessLogFilterConfig{enabled=true, statusCodes=206-599, includeStatusCodes=[], includePaths=[], excludePaths=[], pattern='{remoteAddr} {method} {path} -> {status} ({duration}ms)'}
[2/8] Performing analysis...  [*****]                                                                   (30,4s @ 1,28GB)
   16.216 reachable types   (88,4% of   18.342 total)
   23.675 reachable fields  (61,9% of   38.235 total)
   80.980 reachable methods (59,3% of  136.458 total)
    4.890 types,   254 fields, and 4.683 methods registered for reflection
       62 types,    67 fields, and    55 methods registered for JNI access
        4 native libraries: dl, pthread, rt, z
[3/8] Building universe...                                                                               (4,2s @ 1,47GB)
[4/8] Parsing methods...      [*]                                                                        (1,9s @ 1,62GB)
[5/8] Inlining methods...     [***]                                                                      (1,4s @ 1,80GB)
[6/8] Compiling methods...    [*****]                                                                   (21,1s @ 1,19GB)
[7/8] Laying out methods...   [**]                                                                       (4,9s @ 1,55GB)
[8/8] Creating image...       [***]                                                                      (6,5s @ 1,87GB)
  30,39MB (45,24%) for code area:    52.041 compilation units
  36,39MB (54,17%) for image heap:  413.990 objects and 59 resources
 404,49kB ( 0,59%) for other data
  67,17MB in total
------------------------------------------------------------------------------------------------------------------------
Top 10 origins of code area:                                Top 10 object types in image heap:
  12,26MB java.base                                           10,30MB byte[] for code metadata
   1,86MB c.f.jackson.core.jackson-databind-2.19.2.jar         5,48MB byte[] for java.lang.String
   1,66MB c.0.0-SNAPSHOT-runner.jar                            4,00MB java.lang.Class
   1,56MB svm.jar (Native Image)                               3,72MB java.lang.String
   1,29MB java.net.http                                        1,48MB com.oracle.svm.core.hub.DynamicHubCompanion
 914,23kB modified-io.vertx.vertx-core-4.5.18.jar              1,13MB byte[] for general heap data
 668,75kB io.netty.netty-buffer-4.1.124.Final.jar            954,80kB byte[] for reflection metadata
 646,50kB m.jboss.resteasy.resteasy-core-6.2.12.Final.jar    732,45kB java.lang.String[]
 629,71kB jdk.jfr                                            589,45kB c.o.svm.core.hub.DynamicHub$ReflectionMetadata
 595,56kB com.fasterxml.jackson.core.jackson-core-2.19.2.jar 554,11kB java.util.HashMap$Node
   8,09MB for 126 more packages                                7,50MB for 4183 more object types
------------------------------------------------------------------------------------------------------------------------
Recommendations:
 HEAP: Set max heap for improved and more predictable memory usage.
 CPU:  Enable more CPU features with '-march=native' for improved performance.
------------------------------------------------------------------------------------------------------------------------
                        7,2s (9,4% of total time) in 488 GCs | Peak RSS: 2,81GB | CPU load: 6,82
------------------------------------------------------------------------------------------------------------------------
Produced artifacts:
 /project/build-artifacts.json (build_info)
 /project/cui-jwt-quarkus-integration-tests-1.0.0-SNAPSHOT-runner (executable)
 /project/cui-jwt-quarkus-integration-tests-1.0.0-SNAPSHOT-runner-build-output-stats.json (build_info)
========================================================================================================================
Finished generating 'cui-jwt-quarkus-integration-tests-1.0.0-SNAPSHOT-runner' in 1m 16s.
[INFO] [io.quarkus.deployment.pkg.steps.NativeImageBuildRunner] docker run --env LANG=C --rm --user 501:20 -v /Users/oliver/git/cui-jwt/cui-jwt-quarkus-parent/cui-jwt-quarkus-integration-tests/target/cui-jwt-quarkus-integration-tests-1.0.0-SNAPSHOT-native-image-source-jar:/project:z --entrypoint /bin/bash quay.io/quarkus/ubi9-quarkus-mandrel-builder-image:jdk-21 -c objcopy --strip-debug cui-jwt-quarkus-integration-tests-1.0.0-SNAPSHOT-runner
[INFO] [io.quarkus.deployment.QuarkusAugmentor] Quarkus augmentation completed in 83800ms
[INFO] ------------------------------------------------------------------------
[INFO] BUILD SUCCESS
[INFO] ------------------------------------------------------------------------
[INFO] Total time:  01:27 min
[INFO] Finished at: 2025-09-06T11:42:21+02:00
[INFO] ------------------------------------------------------------------------
‚úÖ Native executable built: cui-jwt-quarkus-integration-tests-1.0.0-SNAPSHOT-runner
[INFO] 
[INFO] --- exec:3.5.1:exec (docker-build-distroless) @ cui-jwt-quarkus-integration-tests ---
#1 [internal] load local bake definitions
#1 reading from stdin 913B done
#1 DONE 0.0s

#2 [internal] load build definition from Dockerfile.native.distroless
#2 transferring dockerfile: 1.68kB done
#2 DONE 0.0s

#3 [internal] load metadata for quay.io/quarkus/quarkus-distroless-image:2.0
#3 DONE 0.7s

#4 [internal] load .dockerignore
#4 transferring context: 2B done
#4 DONE 0.0s

#5 [internal] load build context
#5 DONE 0.0s

#6 [1/6] FROM quay.io/quarkus/quarkus-distroless-image:2.0@sha256:d239fe884357c4a5199f99e8e2177d063d5e0231747682221f518e270800f011
#6 DONE 0.0s

#7 importing cache manifest from quay.io/quarkus/ubi-quarkus-mandrel-builder-image:jdk-21
#7 inferred cache manifest type: application/vnd.docker.distribution.manifest.list.v2+json done
#7 DONE 1.4s

#8 importing cache manifest from quay.io/quarkus/quarkus-distroless-image:2.0
#8 inferred cache manifest type: application/vnd.docker.distribution.manifest.list.v2+json done
#8 DONE 1.8s

#9 importing cache manifest from registry.access.redhat.com/ubi8/ubi-minimal:8.10
#9 inferred cache manifest type: application/vnd.oci.image.index.v1+json done
#9 DONE 3.4s

#5 [internal] load build context
#5 transferring context: 42B 2.5s
#5 transferring context: 70.29MB 2.8s done
#5 DONE 2.8s

#10 [2/6] WORKDIR /app
#10 CACHED

#11 [3/6] COPY --chmod=0755 cui-jwt-quarkus-parent/cui-jwt-quarkus-integration-tests/target/*-runner /app/application
#11 DONE 0.2s

#12 [4/6] COPY --chmod=0644 cui-jwt-quarkus-parent/cui-jwt-quarkus-integration-tests/src/main/docker/certificates/localhost.crt /app/certificates/localhost.crt
#12 DONE 0.0s

#13 [5/6] COPY --chmod=0600 cui-jwt-quarkus-parent/cui-jwt-quarkus-integration-tests/src/main/docker/certificates/localhost.key /app/certificates/localhost.key
#13 DONE 0.0s

#14 [6/6] COPY --chmod=0644 cui-jwt-quarkus-parent/cui-jwt-quarkus-integration-tests/src/main/docker/certificates/localhost-truststore.p12 /app/certificates/localhost-truststore.p12
#14 DONE 0.0s

#15 exporting to image
#15 exporting layers
#15 exporting layers 0.2s done
#15 writing image sha256:5fa04c3680b27a057e5a167ef007c7eb3ce353b2007dd56cb8232882fc7cba6b
#15 writing image sha256:5fa04c3680b27a057e5a167ef007c7eb3ce353b2007dd56cb8232882fc7cba6b done
#15 naming to docker.io/library/cui-jwt-integration-tests:distroless done
#15 DONE 0.2s

#16 resolving provenance for metadata file
#16 DONE 0.0s
[INFO] 
[INFO] --- exec:3.5.1:exec (start-integration-app) @ cui-jwt-quarkus-integration-tests ---
üöÄ Starting JWT Integration Tests with Docker Compose
Project directory: /Users/oliver/git/cui-jwt/cui-jwt-quarkus-parent/cui-jwt-quarkus-integration-tests
Root directory: /Users/oliver/git/cui-jwt
üì¶ Using Maven-built native executable: cui-jwt-quarkus-integration-tests-1.0.0-SNAPSHOT-runner
üê≥ Docker image: cui-jwt-integration-tests:distroless (distroless mode)
üê≥ Starting Docker containers (Quarkus native (Maven-built + Docker copy) - distroless + Keycloak)...
‚è≥ Waiting for Keycloak to be ready...
‚è≥ Waiting for Keycloak... (attempt 1/60)
‚è≥ Waiting for Keycloak... (attempt 2/60)
‚è≥ Waiting for Keycloak... (attempt 3/60)
‚è≥ Waiting for Keycloak... (attempt 4/60)
‚è≥ Waiting for Keycloak... (attempt 5/60)
‚è≥ Waiting for Keycloak... (attempt 6/60)
‚è≥ Waiting for Keycloak... (attempt 7/60)
‚è≥ Waiting for Keycloak... (attempt 8/60)
‚è≥ Waiting for Keycloak... (attempt 9/60)
‚è≥ Waiting for Keycloak... (attempt 10/60)
‚è≥ Waiting for Keycloak... (attempt 11/60)
‚è≥ Waiting for Keycloak... (attempt 12/60)
‚è≥ Waiting for Keycloak... (attempt 13/60)
‚è≥ Waiting for Keycloak... (attempt 14/60)
‚è≥ Waiting for Keycloak... (attempt 15/60)
‚úÖ Keycloak is ready!
‚è≥ Waiting for Quarkus service to be ready...
‚úÖ Quarkus service is ready!
üìà Actual startup time: 0s (container + application)
‚ö° Native app startup: 0.239s (application only)
üì¶ Image size: 105MB (native image)

üéâ JWT Integration Benchmark Environment is running!

üì± Application URLs:
  üîç Health Check:   https://localhost:10443/q/health
  üìä Metrics:        https://localhost:10443/q/metrics
  üîë Keycloak:       https://localhost:1443/auth

üß™ Quick test commands:
  curl -k https://localhost:10443/q/health/live
  curl -k https://localhost:1090/health/ready

üõë To stop: ./scripts/stop-integration-container.sh
üìã To view logs: docker compose logs -f
[INFO] 
[INFO] --- failsafe:3.5.3:integration-test (default) @ cui-jwt-quarkus-integration-tests ---
[INFO] Using auto detected provider org.apache.maven.surefire.junitplatform.JUnitPlatformProvider
[INFO] 
[INFO] -------------------------------------------------------
[INFO]  T E S T S
[INFO] -------------------------------------------------------
[INFO] Running de.cuioss.jwt.integration.JwtValidationEndpointApiValidationIT
2025-09-06 11:43:09,412 FINE  [de.cui.jwt.int.BaseIntegrationTest] (main) Configured relaxed HTTPS validation for integration tests
2025-09-06 11:43:09,416 INFO  [de.cui.jwt.int.BaseIntegrationTest] (main) Integration tests configured for HTTPS port: 10443 with relaxed HTTPS validation
[INFO] Running de.cuioss.jwt.integration.JwtValidationEndpointApiValidationIT$BearerTokenAuthorizationTests
[INFO] Tests run: 3, Failures: 0, Errors: 0, Skipped: 0, Time elapsed: 0.073 s -- in de.cuioss.jwt.integration.JwtValidationEndpointApiValidationIT$BearerTokenAuthorizationTests
[INFO] Running de.cuioss.jwt.integration.JwtValidationEndpointApiValidationIT$InvalidTokenFormatTests
[INFO] Tests run: 3, Failures: 0, Errors: 0, Skipped: 0, Time elapsed: 0.072 s -- in de.cuioss.jwt.integration.JwtValidationEndpointApiValidationIT$InvalidTokenFormatTests
[INFO] Running de.cuioss.jwt.integration.JwtValidationEndpointApiValidationIT$MalformedJsonTests
[INFO] Tests run: 2, Failures: 0, Errors: 0, Skipped: 0, Time elapsed: 0.045 s -- in de.cuioss.jwt.integration.JwtValidationEndpointApiValidationIT$MalformedJsonTests
[INFO] Running de.cuioss.jwt.integration.JwtValidationEndpointApiValidationIT$NullTokenTests
[INFO] Tests run: 3, Failures: 0, Errors: 0, Skipped: 0, Time elapsed: 0.060 s -- in de.cuioss.jwt.integration.JwtValidationEndpointApiValidationIT$NullTokenTests
[INFO] Running de.cuioss.jwt.integration.JwtValidationEndpointApiValidationIT$WhitespaceTokenTests
[INFO] Tests run: 4, Failures: 0, Errors: 0, Skipped: 0, Time elapsed: 0.083 s -- in de.cuioss.jwt.integration.JwtValidationEndpointApiValidationIT$WhitespaceTokenTests
[INFO] Running de.cuioss.jwt.integration.JwtValidationEndpointApiValidationIT$EmptyTokenTests
[INFO] Tests run: 3, Failures: 0, Errors: 0, Skipped: 0, Time elapsed: 0.062 s -- in de.cuioss.jwt.integration.JwtValidationEndpointApiValidationIT$EmptyTokenTests
[INFO] Running de.cuioss.jwt.integration.JwtValidationEndpointApiValidationIT$MissingRequestBodyTests
[INFO] Tests run: 3, Failures: 0, Errors: 0, Skipped: 0, Time elapsed: 0.056 s -- in de.cuioss.jwt.integration.JwtValidationEndpointApiValidationIT$MissingRequestBodyTests
[INFO] Tests run: 1, Failures: 0, Errors: 0, Skipped: 0, Time elapsed: 1.848 s -- in de.cuioss.jwt.integration.JwtValidationEndpointApiValidationIT
[INFO] Running de.cuioss.jwt.integration.HealthCheckBlockingReproductionIT
2025-09-06 11:43:11,830 FINE  [de.cui.jwt.int.BaseIntegrationTest] (main) Configured relaxed HTTPS validation for integration tests
2025-09-06 11:43:11,833 INFO  [de.cui.jwt.int.BaseIntegrationTest] (main) Integration tests configured for HTTPS port: 10443 with relaxed HTTPS validation
2025-09-06 11:43:11,839 INFO  [de.cui.jwt.int.HealthCheckBlockingReproductionIT] (main) Comparing blocking behavior across different health check types
2025-09-06 11:43:11,839 FINE  [de.cui.jwt.int.HealthCheckBlockingReproductionIT] (main) Starting liveness health check %d at 1 [/q/health/live]
2025-09-06 11:43:12,566 FINE  [de.cui.jwt.int.HealthCheckBlockingReproductionIT] (main) Health check liveness %d completed with status: 1 [UP]
2025-09-06 11:43:12,574 INFO  [de.cui.jwt.int.HealthCheckBlockingReproductionIT] (main) Health check liveness: HealthCheckTimingResult[checkId=1, type=liveness, responseTime=PT0.726747S, success=true, timedOut=false, status=UP, errorMessage=null]
2025-09-06 11:43:13,080 FINE  [de.cui.jwt.int.HealthCheckBlockingReproductionIT] (main) Starting readiness health check %d at 2 [/q/health/ready]
2025-09-06 11:43:13,115 FINE  [de.cui.jwt.int.HealthCheckBlockingReproductionIT] (main) Health check readiness %d completed with status: 2 [UP]
2025-09-06 11:43:13,116 INFO  [de.cui.jwt.int.HealthCheckBlockingReproductionIT] (main) Health check readiness: HealthCheckTimingResult[checkId=2, type=readiness, responseTime=PT0.036051S, success=true, timedOut=false, status=UP, errorMessage=null]
2025-09-06 11:43:13,622 FINE  [de.cui.jwt.int.HealthCheckBlockingReproductionIT] (main) Starting startup health check %d at 3 [/q/health/started]
2025-09-06 11:43:13,652 FINE  [de.cui.jwt.int.HealthCheckBlockingReproductionIT] (main) Health check startup %d completed with status: 3 [UP]
2025-09-06 11:43:13,652 INFO  [de.cui.jwt.int.HealthCheckBlockingReproductionIT] (main) Health check startup: HealthCheckTimingResult[checkId=3, type=startup, responseTime=PT0.031203S, success=true, timedOut=false, status=UP, errorMessage=null]
2025-09-06 11:43:14,158 FINE  [de.cui.jwt.int.HealthCheckBlockingReproductionIT] (main) Starting overall health check %d at 4 [/q/health]
2025-09-06 11:43:14,186 FINE  [de.cui.jwt.int.HealthCheckBlockingReproductionIT] (main) Health check overall %d completed with status: 4 [UP]
2025-09-06 11:43:14,186 INFO  [de.cui.jwt.int.HealthCheckBlockingReproductionIT] (main) Health check overall: HealthCheckTimingResult[checkId=4, type=overall, responseTime=PT0.028665S, success=true, timedOut=false, status=UP, errorMessage=null]
2025-09-06 11:43:14,690 INFO  [de.cui.jwt.int.HealthCheckBlockingReproductionIT] (main) DIFFERENTIAL BLOCKING ANALYSIS:
2025-09-06 11:43:14,691 INFO  [de.cui.jwt.int.HealthCheckBlockingReproductionIT] (main) - LIVENESS: FAST (UP, %dms) [726]
2025-09-06 11:43:14,692 INFO  [de.cui.jwt.int.HealthCheckBlockingReproductionIT] (main) - READINESS: FAST (UP, %dms) [36]
2025-09-06 11:43:14,692 INFO  [de.cui.jwt.int.HealthCheckBlockingReproductionIT] (main) - STARTUP: FAST (UP, %dms) [31]
2025-09-06 11:43:14,692 INFO  [de.cui.jwt.int.HealthCheckBlockingReproductionIT] (main) - OVERALL: FAST (UP, %dms) [28]
2025-09-06 11:43:14,694 INFO  [de.cui.jwt.int.HealthCheckBlockingReproductionIT] (main) ‚úÖ RESPONSIVE HEALTH CHECKS: [liveness, readiness, startup, overall]
2025-09-06 11:43:14,707 INFO  [de.cui.jwt.int.HealthCheckBlockingReproductionIT] (main) Testing health check blocking behavior during JWKS loading failures
2025-09-06 11:43:14,709 FINE  [de.cui.jwt.int.HealthCheckBlockingReproductionIT] (pool-2-thread-1) Starting readiness health check %d at 1 [/q/health/ready]
2025-09-06 11:43:14,709 FINE  [de.cui.jwt.int.HealthCheckBlockingReproductionIT] (pool-2-thread-2) Starting readiness health check %d at 2 [/q/health/ready]
2025-09-06 11:43:14,709 FINE  [de.cui.jwt.int.HealthCheckBlockingReproductionIT] (pool-2-thread-5) Starting readiness health check %d at 5 [/q/health/ready]
2025-09-06 11:43:14,709 FINE  [de.cui.jwt.int.HealthCheckBlockingReproductionIT] (pool-2-thread-3) Starting readiness health check %d at 3 [/q/health/ready]
2025-09-06 11:43:14,709 FINE  [de.cui.jwt.int.HealthCheckBlockingReproductionIT] (pool-2-thread-4) Starting readiness health check %d at 4 [/q/health/ready]
2025-09-06 11:43:14,751 FINE  [de.cui.jwt.int.HealthCheckBlockingReproductionIT] (pool-2-thread-4) Health check readiness %d completed with status: 4 [UP]
2025-09-06 11:43:14,761 FINE  [de.cui.jwt.int.HealthCheckBlockingReproductionIT] (pool-2-thread-5) Health check readiness %d completed with status: 5 [UP]
2025-09-06 11:43:14,762 FINE  [de.cui.jwt.int.HealthCheckBlockingReproductionIT] (pool-2-thread-2) Health check readiness %d completed with status: 2 [UP]
2025-09-06 11:43:14,762 FINE  [de.cui.jwt.int.HealthCheckBlockingReproductionIT] (pool-2-thread-3) Health check readiness %d completed with status: 3 [UP]
2025-09-06 11:43:14,762 FINE  [de.cui.jwt.int.HealthCheckBlockingReproductionIT] (pool-2-thread-1) Health check readiness %d completed with status: 1 [UP]
2025-09-06 11:43:14,762 INFO  [de.cui.jwt.int.HealthCheckBlockingReproductionIT] (main) Health check %d completed: 1 [HealthCheckTimingResult[checkId=1, type=readiness, responseTime=PT0.053551S, success=true, timedOut=false, status=UP, errorMessage=null]]
2025-09-06 11:43:14,763 INFO  [de.cui.jwt.int.HealthCheckBlockingReproductionIT] (main) Health check %d completed: 2 [HealthCheckTimingResult[checkId=2, type=readiness, responseTime=PT0.053214S, success=true, timedOut=false, status=UP, errorMessage=null]]
2025-09-06 11:43:14,763 INFO  [de.cui.jwt.int.HealthCheckBlockingReproductionIT] (main) Health check %d completed: 3 [HealthCheckTimingResult[checkId=3, type=readiness, responseTime=PT0.053291S, success=true, timedOut=false, status=UP, errorMessage=null]]
2025-09-06 11:43:14,763 INFO  [de.cui.jwt.int.HealthCheckBlockingReproductionIT] (main) Health check %d completed: 4 [HealthCheckTimingResult[checkId=4, type=readiness, responseTime=PT0.042542S, success=true, timedOut=false, status=UP, errorMessage=null]]
2025-09-06 11:43:14,763 INFO  [de.cui.jwt.int.HealthCheckBlockingReproductionIT] (main) Health check %d completed: 5 [HealthCheckTimingResult[checkId=5, type=readiness, responseTime=PT0.05248S, success=true, timedOut=false, status=UP, errorMessage=null]]
2025-09-06 11:43:14,764 INFO  [de.cui.jwt.int.HealthCheckBlockingReproductionIT] (main) Analyzing blocking behavior from %d health check attempts [5]
2025-09-06 11:43:14,766 INFO  [de.cui.jwt.int.HealthCheckBlockingReproductionIT] (main) BLOCKING BEHAVIOR ANALYSIS:
2025-09-06 11:43:14,767 INFO  [de.cui.jwt.int.HealthCheckBlockingReproductionIT] (main) - Timeouts: %d/%d (%.1f%%) [0, 5, 0.0]
2025-09-06 11:43:14,767 INFO  [de.cui.jwt.int.HealthCheckBlockingReproductionIT] (main) - Successes: %d/%d (%.1f%%) [5, 5, 100.0]
2025-09-06 11:43:14,767 INFO  [de.cui.jwt.int.HealthCheckBlockingReproductionIT] (main) - Average response time: PT0.05S
2025-09-06 11:43:14,767 INFO  [de.cui.jwt.int.HealthCheckBlockingReproductionIT] (main) - Maximum response time: PT0.053551S
[ERROR] Tests run: 2, Failures: 1, Errors: 0, Skipped: 0, Time elapsed: 3.163 s <<< FAILURE! -- in de.cuioss.jwt.integration.HealthCheckBlockingReproductionIT
[ERROR] de.cuioss.jwt.integration.HealthCheckBlockingReproductionIT.shouldDemonstrateHealthCheckBlockingBehavior -- Time elapsed: 0.065 s <<< FAILURE!
org.opentest4j.AssertionFailedError: Expected to demonstrate blocking behavior (timeouts or slow responses) ==> expected: <true> but was: <false>
	at org.junit.jupiter.api.AssertionFailureBuilder.build(AssertionFailureBuilder.java:151)
	at org.junit.jupiter.api.AssertionFailureBuilder.buildAndThrow(AssertionFailureBuilder.java:132)
	at org.junit.jupiter.api.AssertTrue.failNotTrue(AssertTrue.java:63)
	at org.junit.jupiter.api.AssertTrue.assertTrue(AssertTrue.java:36)
	at org.junit.jupiter.api.Assertions.assertTrue(Assertions.java:214)
	at de.cuioss.jwt.integration.HealthCheckBlockingReproductionIT.analyzeBlockingBehavior(HealthCheckBlockingReproductionIT.java:192)
	at de.cuioss.jwt.integration.HealthCheckBlockingReproductionIT.shouldDemonstrateHealthCheckBlockingBehavior(HealthCheckBlockingReproductionIT.java:84)
	at java.base/java.lang.reflect.Method.invoke(Method.java:580)
	at java.base/java.util.ArrayList.forEach(ArrayList.java:1596)
	at java.base/java.util.ArrayList.forEach(ArrayList.java:1596)

[INFO] Running de.cuioss.jwt.integration.StartupTimingIssueReproductionIT
2025-09-06 11:43:15,708 FINE  [de.cui.jwt.int.BaseIntegrationTest] (main) Configured relaxed HTTPS validation for integration tests
2025-09-06 11:43:15,713 INFO  [de.cui.jwt.int.BaseIntegrationTest] (main) Integration tests configured for HTTPS port: 10443 with relaxed HTTPS validation
2025-09-06 11:43:15,720 INFO  [de.cui.jwt.int.StartupTimingIssueReproductionIT] (main) Starting startup timing issue reproduction test
2025-09-06 11:43:15,720 FINE  [de.cui.jwt.int.StartupTimingIssueReproductionIT] (main) Attempt %d (elapsed: 1) [PT0.000002S]
2025-09-06 11:43:16,588 INFO  [de.cui.jwt.int.StartupTimingIssueReproductionIT] (main) Attempt %d (1): Liveness=PT0.000002S, Readiness=true, Startup=true, Overall=true [true]
[ERROR] Tests run: 1, Failures: 1, Errors: 0, Skipped: 0, Time elapsed: 1.187 s <<< FAILURE! -- in de.cuioss.jwt.integration.StartupTimingIssueReproductionIT
[ERROR] de.cuioss.jwt.integration.StartupTimingIssueReproductionIT.shouldReproduceStartupTimingIssuePattern -- Time elapsed: 0.910 s <<< FAILURE!
java.lang.AssertionError: 
1 expectation failed.
Expected status code <400> but was <401>.

	at java.base/jdk.internal.reflect.DirectConstructorHandleAccessor.newInstance(DirectConstructorHandleAccessor.java:62)
	at java.base/java.lang.reflect.Constructor.newInstanceWithCaller(Constructor.java:502)
	at java.base/java.lang.reflect.Constructor.newInstance(Constructor.java:486)
	at org.codehaus.groovy.reflection.CachedConstructor.invoke(CachedConstructor.java:73)
	at org.codehaus.groovy.runtime.callsite.ConstructorSite$ConstructorSiteNoUnwrapNoCoerce.callConstructor(ConstructorSite.java:108)
	at org.codehaus.groovy.runtime.callsite.CallSiteArray.defaultCallConstructor(CallSiteArray.java:57)
	at org.codehaus.groovy.runtime.callsite.AbstractCallSite.callConstructor(AbstractCallSite.java:263)
	at org.codehaus.groovy.runtime.callsite.AbstractCallSite.callConstructor(AbstractCallSite.java:277)
	at io.restassured.internal.ResponseSpecificationImpl$HamcrestAssertionClosure.validate(ResponseSpecificationImpl.groovy:512)
	at io.restassured.internal.ResponseSpecificationImpl$HamcrestAssertionClosure$validate$1.call(Unknown Source)
	at org.codehaus.groovy.runtime.callsite.CallSiteArray.defaultCall(CallSiteArray.java:45)
	at org.codehaus.groovy.runtime.callsite.AbstractCallSite.call(AbstractCallSite.java:125)
	at org.codehaus.groovy.runtime.callsite.AbstractCallSite.call(AbstractCallSite.java:139)
	at io.restassured.internal.ResponseSpecificationImpl.validateResponseIfRequired(ResponseSpecificationImpl.groovy:696)
	at io.restassured.internal.ResponseSpecificationImpl.this$2$validateResponseIfRequired(ResponseSpecificationImpl.groovy)
	at java.base/jdk.internal.reflect.DirectMethodHandleAccessor.invoke(DirectMethodHandleAccessor.java:103)
	at java.base/java.lang.reflect.Method.invoke(Method.java:580)
	at org.codehaus.groovy.runtime.callsite.PlainObjectMetaMethodSite.doInvoke(PlainObjectMetaMethodSite.java:43)
	at org.codehaus.groovy.runtime.callsite.PogoMetaMethodSite$PogoCachedMethodSiteNoUnwrapNoCoerce.invoke(PogoMetaMethodSite.java:198)
	at org.codehaus.groovy.runtime.callsite.PogoMetaMethodSite.callCurrent(PogoMetaMethodSite.java:62)
	at org.codehaus.groovy.runtime.callsite.CallSiteArray.defaultCallCurrent(CallSiteArray.java:49)
	at org.codehaus.groovy.runtime.callsite.AbstractCallSite.callCurrent(AbstractCallSite.java:171)
	at org.codehaus.groovy.runtime.callsite.AbstractCallSite.callCurrent(AbstractCallSite.java:185)
	at io.restassured.internal.ResponseSpecificationImpl.statusCode(ResponseSpecificationImpl.groovy:135)
	at io.restassured.specification.ResponseSpecification$statusCode$0.callCurrent(Unknown Source)
	at org.codehaus.groovy.runtime.callsite.CallSiteArray.defaultCallCurrent(CallSiteArray.java:49)
	at org.codehaus.groovy.runtime.callsite.AbstractCallSite.callCurrent(AbstractCallSite.java:171)
	at org.codehaus.groovy.runtime.callsite.AbstractCallSite.callCurrent(AbstractCallSite.java:185)
	at io.restassured.internal.ResponseSpecificationImpl.statusCode(ResponseSpecificationImpl.groovy:143)
	at io.restassured.internal.ValidatableResponseOptionsImpl.statusCode(ValidatableResponseOptionsImpl.java:89)
	at de.cuioss.jwt.integration.StartupTimingIssueReproductionIT.checkJwtValidationEndpoint(StartupTimingIssueReproductionIT.java:167)
	at de.cuioss.jwt.integration.StartupTimingIssueReproductionIT.shouldReproduceStartupTimingIssuePattern(StartupTimingIssueReproductionIT.java:69)
	at java.base/java.lang.reflect.Method.invoke(Method.java:580)
	at java.base/java.util.ArrayList.forEach(ArrayList.java:1596)
	at java.base/java.util.ArrayList.forEach(ArrayList.java:1596)

[INFO] Running de.cuioss.jwt.integration.JwtValidationEndpointTokenRequestIT
2025-09-06 11:43:17,449 FINE  [de.cui.jwt.int.BaseIntegrationTest] (main) Configured relaxed HTTPS validation for integration tests
2025-09-06 11:43:17,453 INFO  [de.cui.jwt.int.BaseIntegrationTest] (main) Integration tests configured for HTTPS port: 10443 with relaxed HTTPS validation
[INFO] Tests run: 2, Failures: 0, Errors: 0, Skipped: 0, Time elapsed: 1.240 s -- in de.cuioss.jwt.integration.JwtValidationEndpointTokenRequestIT
[INFO] Running de.cuioss.jwt.integration.JwtValidationEndpointIntegrationIT
2025-09-06 11:43:19,317 FINE  [de.cui.jwt.int.BaseIntegrationTest] (main) Configured relaxed HTTPS validation for integration tests
2025-09-06 11:43:19,321 INFO  [de.cui.jwt.int.BaseIntegrationTest] (main) Integration tests configured for HTTPS port: 10443 with relaxed HTTPS validation
2025-09-06 11:43:20,501 INFO  [de.cui.jwt.int.AbstractJwtValidationEndpointTest] (main) Verifying SecurityEventCounter metrics bounds after all integration tests
2025-09-06 11:43:21,576 FINE  [de.cui.jwt.int.AbstractJwtValidationEndpointTest] (main) Raw metrics response length: 19943
2025-09-06 11:43:21,576 INFO  [de.cui.jwt.int.AbstractJwtValidationEndpointTest] (main) Found JWT validation metric: # TYPE cui_jwt_validation_errors counter
2025-09-06 11:43:21,576 INFO  [de.cui.jwt.int.AbstractJwtValidationEndpointTest] (main) Found JWT validation metric: # HELP cui_jwt_validation_errors Number of JWT validation errors by type
2025-09-06 11:43:21,576 INFO  [de.cui.jwt.int.AbstractJwtValidationEndpointTest] (main) Found JWT validation metric: cui_jwt_validation_errors_total{category="INVALID_STRUCTURE",event_type="FAILED_TO_DECODE_HEADER",result="failure"} 0.0
2025-09-06 11:43:21,577 INFO  [de.cui.jwt.int.AbstractJwtValidationEndpointTest] (main) Found JWT validation metric: cui_jwt_validation_errors_total{category="INVALID_STRUCTURE",event_type="TOKEN_SIZE_EXCEEDED",result="failure"} 0.0
2025-09-06 11:43:21,577 INFO  [de.cui.jwt.int.AbstractJwtValidationEndpointTest] (main) Found JWT validation metric: cui_jwt_validation_errors_total{category="SEMANTIC_ISSUES",event_type="MISSING_RECOMMENDED_ELEMENT",result="failure"} 0.0
2025-09-06 11:43:21,577 INFO  [de.cui.jwt.int.AbstractJwtValidationEndpointTest] (main) Found JWT validation metric: cui_jwt_validation_errors_total{category="INVALID_SIGNATURE",event_type="JWKS_FETCH_FAILED",result="failure"} 0.0
2025-09-06 11:43:21,577 INFO  [de.cui.jwt.int.AbstractJwtValidationEndpointTest] (main) Found JWT validation metric: cui_jwt_validation_errors_total{category="INVALID_SIGNATURE",event_type="JWKS_JSON_PARSE_FAILED",result="failure"} 0.0
2025-09-06 11:43:21,577 INFO  [de.cui.jwt.int.AbstractJwtValidationEndpointTest] (main) Found JWT validation metric: cui_jwt_validation_errors_total{category="INVALID_STRUCTURE",event_type="INVALID_JWT_FORMAT",result="failure"} 0.0
2025-09-06 11:43:21,577 INFO  [de.cui.jwt.int.AbstractJwtValidationEndpointTest] (main) Found JWT validation metric: cui_jwt_validation_errors_total{category="SEMANTIC_ISSUES",event_type="TOKEN_EXPIRED",result="failure"} 0.0
2025-09-06 11:43:21,578 INFO  [de.cui.jwt.int.AbstractJwtValidationEndpointTest] (main) Found JWT validation metric: cui_jwt_validation_errors_total{category="INVALID_STRUCTURE",event_type="FAILED_TO_DECODE_JWT",result="failure"} 5.0
2025-09-06 11:43:21,578 INFO  [de.cui.jwt.int.AbstractJwtValidationEndpointTest] (main) Found JWT validation metric: cui_jwt_validation_errors_total{category="SEMANTIC_ISSUES",event_type="AZP_MISMATCH",result="failure"} 0.0
2025-09-06 11:43:21,578 INFO  [de.cui.jwt.int.AbstractJwtValidationEndpointTest] (main) Found JWT validation metric: cui_jwt_validation_errors_total{category="SEMANTIC_ISSUES",event_type="NO_ISSUER_CONFIG",result="failure"} 0.0
2025-09-06 11:43:21,578 INFO  [de.cui.jwt.int.AbstractJwtValidationEndpointTest] (main) Found JWT validation metric: cui_jwt_validation_errors_total{category="SEMANTIC_ISSUES",event_type="MISSING_CLAIM",result="failure"} 0.0
2025-09-06 11:43:21,578 INFO  [de.cui.jwt.int.AbstractJwtValidationEndpointTest] (main) Found JWT validation metric: cui_jwt_validation_errors_total{category="INVALID_SIGNATURE",event_type="UNSUPPORTED_ALGORITHM",result="failure"} 0.0
2025-09-06 11:43:21,578 INFO  [de.cui.jwt.int.AbstractJwtValidationEndpointTest] (main) Found JWT validation metric: cui_jwt_validation_errors_total{category="SEMANTIC_ISSUES",event_type="ISSUER_MISMATCH",result="failure"} 0.0
2025-09-06 11:43:21,578 INFO  [de.cui.jwt.int.AbstractJwtValidationEndpointTest] (main) Found JWT validation metric: cui_jwt_validation_errors_total{category="INVALID_SIGNATURE",event_type="FAILED_TO_READ_JWKS_FILE",result="failure"} 0.0
2025-09-06 11:43:21,579 INFO  [de.cui.jwt.int.AbstractJwtValidationEndpointTest] (main) Found JWT validation metric: cui_jwt_validation_errors_total{category="INVALID_SIGNATURE",event_type="KEY_NOT_FOUND",result="failure"} 0.0
2025-09-06 11:43:21,579 INFO  [de.cui.jwt.int.AbstractJwtValidationEndpointTest] (main) Found JWT validation metric: cui_jwt_validation_errors_total{category="INVALID_STRUCTURE",event_type="TOKEN_EMPTY",result="failure"} 0.0
2025-09-06 11:43:21,579 INFO  [de.cui.jwt.int.AbstractJwtValidationEndpointTest] (main) Found JWT validation metric: cui_jwt_validation_errors_total{category="SEMANTIC_ISSUES",event_type="AUDIENCE_MISMATCH",result="failure"} 0.0
2025-09-06 11:43:21,579 INFO  [de.cui.jwt.int.AbstractJwtValidationEndpointTest] (main) Found JWT validation metric: cui_jwt_validation_errors_total{category="INVALID_SIGNATURE",event_type="SIGNATURE_VALIDATION_FAILED",result="failure"} 0.0
2025-09-06 11:43:21,579 INFO  [de.cui.jwt.int.AbstractJwtValidationEndpointTest] (main) Found JWT validation metric: cui_jwt_validation_errors_total{category="INVALID_STRUCTURE",event_type="FAILED_TO_DECODE_PAYLOAD",result="failure"} 0.0
2025-09-06 11:43:21,579 INFO  [de.cui.jwt.int.AbstractJwtValidationEndpointTest] (main) Found JWT validation metric: cui_jwt_validation_errors_total{category="INVALID_SIGNATURE",event_type="KEY_ROTATION_DETECTED",result="failure"} 0.0
2025-09-06 11:43:21,579 INFO  [de.cui.jwt.int.AbstractJwtValidationEndpointTest] (main) Found JWT validation metric: cui_jwt_validation_errors_total{category="INVALID_STRUCTURE",event_type="DECODED_PART_SIZE_EXCEEDED",result="failure"} 0.0
2025-09-06 11:43:21,580 INFO  [de.cui.jwt.int.AbstractJwtValidationEndpointTest] (main) Found JWT validation metric: cui_jwt_validation_errors_total{category="SEMANTIC_ISSUES",event_type="TOKEN_NBF_FUTURE",result="failure"} 0.0
2025-09-06 11:43:21,580 INFO  [de.cui.jwt.int.AbstractJwtValidationEndpointTest] (main) Found JWT validation metric: # TYPE cui_jwt_validation_success_operations counter
2025-09-06 11:43:21,580 INFO  [de.cui.jwt.int.AbstractJwtValidationEndpointTest] (main) Found JWT validation metric: # HELP cui_jwt_validation_success_operations Number of successful JWT operations by type
2025-09-06 11:43:21,580 INFO  [de.cui.jwt.int.AbstractJwtValidationEndpointTest] (main) Found JWT validation metric: cui_jwt_validation_success_operations_total{event_type="ACCESS_TOKEN_CREATED",result="success"} 0.0
2025-09-06 11:43:21,580 INFO  [de.cui.jwt.int.AbstractJwtValidationEndpointTest] (main) Found JWT validation metric: cui_jwt_validation_success_operations_total{event_type="ID_TOKEN_CREATED",result="success"} 0.0
2025-09-06 11:43:21,580 INFO  [de.cui.jwt.int.AbstractJwtValidationEndpointTest] (main) Found JWT validation metric: cui_jwt_validation_success_operations_total{event_type="REFRESH_TOKEN_CREATED",result="success"} 1.0
2025-09-06 11:43:21,580 INFO  [de.cui.jwt.int.AbstractJwtValidationEndpointTest] (main) Found JWT validation metric: cui_jwt_validation_success_operations_total{event_type="ACCESS_TOKEN_CACHE_HIT",result="success"} 0.0
2025-09-06 11:43:21,581 INFO  [de.cui.jwt.int.AbstractJwtValidationEndpointTest] (main) Success metrics present: false
2025-09-06 11:43:21,581 WARNING [de.cui.jwt.int.AbstractJwtValidationEndpointTest] (main) Success metrics not found - this indicates SecurityEventCounter success events are not being published
[INFO] Running de.cuioss.jwt.integration.AbstractJwtValidationEndpointTest$BearerTokenProducerTests
2025-09-06 11:43:21,688 INFO  [de.cui.jwt.int.AbstractJwtValidationEndpointTest] (main) bearerTokenWithScopes:eyJhbGciOiJSUzI1NiIsInR5cCIgOiAiSldUIiwia2lkIiA6ICJuR1lHaHc1dWlLeWp5QWFLN2g1a1U2Y2NaRXJSQWtPU2sxY1pfdFNwRUw4In0.eyJleHAiOjE3NTcxNTI3MDEsImlhdCI6MTc1NzE1MTgwMSwianRpIjoib25ydHJvOmE2MDhiMTdkLTQ1Y2ItNGNmNS1iMDc3LWVmNGVkZTc4YmY5NyIsImlzcyI6Imh0dHBzOi8va2V5Y2xvYWs6ODQ0My9yZWFsbXMvaW50ZWdyYXRpb24iLCJhdWQiOiJpbnRlZ3JhdGlvbi1jbGllbnQiLCJzdWIiOiIwNzY3MjFjZi0wZWMzLTQ0ODItOThhOS1mNzhhNTAyNmZmYTgiLCJ0eXAiOiJCZWFyZXIiLCJhenAiOiJpbnRlZ3JhdGlvbi1jbGllbnQiLCJzaWQiOiIwZjk1NmU5Ni05NTJiLTQ4ODItYWJjMC04MjBiZmJiZDg3MmUiLCJzY29wZSI6Im9wZW5pZCByZWFkIGVtYWlsIHByb2ZpbGUiLCJyb2xlcyI6WyJ1c2VyIl0sImdyb3VwcyI6WyJ0ZXN0LWdyb3VwIl0sInByZWZlcnJlZF91c2VybmFtZSI6ImludGVncmF0aW9uLXVzZXIiLCJlbWFpbCI6ImludGVncmF0aW9uQGV4YW1wbGUuY29tIn0.g4DPHGbs4wHPp_sSTxxeCnYH3kp_NS-ntTA63GhlhGo6VoFZDm2S8s0SdE8gSQFWy2AM7eMXEh76Y7MvpJOSN492tLnMOhOgGA6Wowmu_BdwRcI_87pEILrSj2YJN8NSvGdr8oLiXaFkVMUNOwb_X7lVZduDTmY193R1AnzcqmVlV19CVgKkBsp9y0jJ1gwbqbb_6ILthTSgenk4R3Czs8f3roMuAwEHeyEqhRRlHkiiKvOCok1-RwxlWTXq5p_LaAFxn5YlMDAR6SPSitJyoaxEUsVce-weqCse2Jq6uyrxO51iRVWFJQx417ExqrMohd5TUunpW8Epleel-orgSA
[ERROR] Tests run: 4, Failures: 4, Errors: 0, Skipped: 0, Time elapsed: 0.377 s <<< FAILURE! -- in de.cuioss.jwt.integration.AbstractJwtValidationEndpointTest$BearerTokenProducerTests
[ERROR] de.cuioss.jwt.integration.AbstractJwtValidationEndpointTest$BearerTokenProducerTests.bearerTokenEndpointValidation(String)[1] -- Time elapsed: 0.113 s <<< FAILURE!
java.lang.AssertionError: 
1 expectation failed.
Expected status code <200> but was <401>.

	at java.base/jdk.internal.reflect.DirectConstructorHandleAccessor.newInstance(DirectConstructorHandleAccessor.java:62)
	at java.base/java.lang.reflect.Constructor.newInstanceWithCaller(Constructor.java:502)
	at java.base/java.lang.reflect.Constructor.newInstance(Constructor.java:486)
	at org.codehaus.groovy.reflection.CachedConstructor.invoke(CachedConstructor.java:73)
	at org.codehaus.groovy.runtime.callsite.ConstructorSite$ConstructorSiteNoUnwrapNoCoerce.callConstructor(ConstructorSite.java:108)
	at org.codehaus.groovy.runtime.callsite.CallSiteArray.defaultCallConstructor(CallSiteArray.java:57)
	at org.codehaus.groovy.runtime.callsite.AbstractCallSite.callConstructor(AbstractCallSite.java:263)
	at org.codehaus.groovy.runtime.callsite.AbstractCallSite.callConstructor(AbstractCallSite.java:277)
	at io.restassured.internal.ResponseSpecificationImpl$HamcrestAssertionClosure.validate(ResponseSpecificationImpl.groovy:512)
	at io.restassured.internal.ResponseSpecificationImpl$HamcrestAssertionClosure$validate$1.call(Unknown Source)
	at io.restassured.internal.ResponseSpecificationImpl.validateResponseIfRequired(ResponseSpecificationImpl.groovy:696)
	at io.restassured.internal.ResponseSpecificationImpl.this$2$validateResponseIfRequired(ResponseSpecificationImpl.groovy)
	at java.base/jdk.internal.reflect.DirectMethodHandleAccessor.invoke(DirectMethodHandleAccessor.java:103)
	at java.base/java.lang.reflect.Method.invoke(Method.java:580)
	at org.codehaus.groovy.runtime.callsite.PlainObjectMetaMethodSite.doInvoke(PlainObjectMetaMethodSite.java:43)
	at org.codehaus.groovy.runtime.callsite.PogoMetaMethodSite$PogoCachedMethodSiteNoUnwrapNoCoerce.invoke(PogoMetaMethodSite.java:198)
	at org.codehaus.groovy.runtime.callsite.PogoMetaMethodSite.callCurrent(PogoMetaMethodSite.java:62)
	at org.codehaus.groovy.runtime.callsite.AbstractCallSite.callCurrent(AbstractCallSite.java:185)
	at io.restassured.internal.ResponseSpecificationImpl.statusCode(ResponseSpecificationImpl.groovy:135)
	at io.restassured.specification.ResponseSpecification$statusCode$0.callCurrent(Unknown Source)
	at io.restassured.internal.ResponseSpecificationImpl.statusCode(ResponseSpecificationImpl.groovy:143)
	at io.restassured.internal.ValidatableResponseOptionsImpl.statusCode(ValidatableResponseOptionsImpl.java:89)
	at de.cuioss.jwt.integration.AbstractJwtValidationEndpointTest$BearerTokenProducerTests.bearerTokenEndpointValidation(AbstractJwtValidationEndpointTest.java:191)
	at java.base/java.lang.reflect.Method.invoke(Method.java:580)
	at java.base/java.util.Optional.ifPresent(Optional.java:178)
	at java.base/java.util.stream.ForEachOps$ForEachOp$OfRef.accept(ForEachOps.java:184)
	at java.base/java.util.stream.ReferencePipeline$3$1.accept(ReferencePipeline.java:197)
	at java.base/java.util.stream.ForEachOps$ForEachOp$OfRef.accept(ForEachOps.java:184)
	at java.base/java.util.stream.ForEachOps$ForEachOp$OfRef.accept(ForEachOps.java:184)
	at java.base/java.util.stream.ReferencePipeline$3$1.accept(ReferencePipeline.java:197)
	at java.base/java.util.Spliterators$ArraySpliterator.forEachRemaining(Spliterators.java:1024)
	at java.base/java.util.stream.AbstractPipeline.copyInto(AbstractPipeline.java:509)
	at java.base/java.util.stream.AbstractPipeline.wrapAndCopyInto(AbstractPipeline.java:499)
	at java.base/java.util.stream.ForEachOps$ForEachOp.evaluateSequential(ForEachOps.java:151)
	at java.base/java.util.stream.ForEachOps$ForEachOp$OfRef.evaluateSequential(ForEachOps.java:174)
	at java.base/java.util.stream.AbstractPipeline.evaluate(AbstractPipeline.java:234)
	at java.base/java.util.stream.ReferencePipeline.forEach(ReferencePipeline.java:596)
	at java.base/java.util.stream.ReferencePipeline$7$1.accept(ReferencePipeline.java:276)
	at java.base/java.util.ArrayList$ArrayListSpliterator.forEachRemaining(ArrayList.java:1708)
	at java.base/java.util.stream.AbstractPipeline.copyInto(AbstractPipeline.java:509)
	at java.base/java.util.stream.AbstractPipeline.wrapAndCopyInto(AbstractPipeline.java:499)
	at java.base/java.util.stream.ForEachOps$ForEachOp.evaluateSequential(ForEachOps.java:151)
	at java.base/java.util.stream.ForEachOps$ForEachOp$OfRef.evaluateSequential(ForEachOps.java:174)
	at java.base/java.util.stream.AbstractPipeline.evaluate(AbstractPipeline.java:234)
	at java.base/java.util.stream.ReferencePipeline.forEach(ReferencePipeline.java:596)
	at java.base/java.util.stream.ReferencePipeline$7$1.accept(ReferencePipeline.java:276)
	at java.base/java.util.stream.ReferencePipeline$3$1.accept(ReferencePipeline.java:197)
	at java.base/java.util.stream.ReferencePipeline$3$1.accept(ReferencePipeline.java:197)
	at java.base/java.util.stream.ReferencePipeline$3$1.accept(ReferencePipeline.java:197)
	at java.base/java.util.ArrayList$ArrayListSpliterator.forEachRemaining(ArrayList.java:1708)
	at java.base/java.util.stream.AbstractPipeline.copyInto(AbstractPipeline.java:509)
	at java.base/java.util.stream.AbstractPipeline.wrapAndCopyInto(AbstractPipeline.java:499)
	at java.base/java.util.stream.ForEachOps$ForEachOp.evaluateSequential(ForEachOps.java:151)
	at java.base/java.util.stream.ForEachOps$ForEachOp$OfRef.evaluateSequential(ForEachOps.java:174)
	at java.base/java.util.stream.AbstractPipeline.evaluate(AbstractPipeline.java:234)
	at java.base/java.util.stream.ReferencePipeline.forEach(ReferencePipeline.java:596)
	at java.base/java.util.ArrayList.forEach(ArrayList.java:1596)
	at java.base/java.util.ArrayList.forEach(ArrayList.java:1596)
	at java.base/java.util.ArrayList.forEach(ArrayList.java:1596)

[ERROR] de.cuioss.jwt.integration.AbstractJwtValidationEndpointTest$BearerTokenProducerTests.bearerTokenEndpointValidation(String)[2] -- Time elapsed: 0.085 s <<< FAILURE!
java.lang.AssertionError: 
1 expectation failed.
Expected status code <200> but was <401>.

	at java.base/jdk.internal.reflect.DirectConstructorHandleAccessor.newInstance(DirectConstructorHandleAccessor.java:62)
	at java.base/java.lang.reflect.Constructor.newInstanceWithCaller(Constructor.java:502)
	at java.base/java.lang.reflect.Constructor.newInstance(Constructor.java:486)
	at org.codehaus.groovy.reflection.CachedConstructor.invoke(CachedConstructor.java:73)
	at org.codehaus.groovy.runtime.callsite.ConstructorSite$ConstructorSiteNoUnwrapNoCoerce.callConstructor(ConstructorSite.java:108)
	at org.codehaus.groovy.runtime.callsite.AbstractCallSite.callConstructor(AbstractCallSite.java:277)
	at io.restassured.internal.ResponseSpecificationImpl$HamcrestAssertionClosure.validate(ResponseSpecificationImpl.groovy:512)
	at io.restassured.internal.ResponseSpecificationImpl$HamcrestAssertionClosure$validate$1.call(Unknown Source)
	at io.restassured.internal.ResponseSpecificationImpl.validateResponseIfRequired(ResponseSpecificationImpl.groovy:696)
	at io.restassured.internal.ResponseSpecificationImpl.this$2$validateResponseIfRequired(ResponseSpecificationImpl.groovy)
	at java.base/jdk.internal.reflect.DirectMethodHandleAccessor.invoke(DirectMethodHandleAccessor.java:103)
	at java.base/java.lang.reflect.Method.invoke(Method.java:580)
	at org.codehaus.groovy.runtime.callsite.PlainObjectMetaMethodSite.doInvoke(PlainObjectMetaMethodSite.java:43)
	at org.codehaus.groovy.runtime.callsite.PogoMetaMethodSite$PogoCachedMethodSiteNoUnwrapNoCoerce.invoke(PogoMetaMethodSite.java:198)
	at org.codehaus.groovy.runtime.callsite.PogoMetaMethodSite.callCurrent(PogoMetaMethodSite.java:62)
	at org.codehaus.groovy.runtime.callsite.AbstractCallSite.callCurrent(AbstractCallSite.java:185)
	at io.restassured.internal.ResponseSpecificationImpl.statusCode(ResponseSpecificationImpl.groovy:135)
	at io.restassured.specification.ResponseSpecification$statusCode$0.callCurrent(Unknown Source)
	at io.restassured.internal.ResponseSpecificationImpl.statusCode(ResponseSpecificationImpl.groovy:143)
	at io.restassured.internal.ValidatableResponseOptionsImpl.statusCode(ValidatableResponseOptionsImpl.java:89)
	at de.cuioss.jwt.integration.AbstractJwtValidationEndpointTest$BearerTokenProducerTests.bearerTokenEndpointValidation(AbstractJwtValidationEndpointTest.java:191)
	at java.base/java.lang.reflect.Method.invoke(Method.java:580)
	at java.base/java.util.Optional.ifPresent(Optional.java:178)
	at java.base/java.util.stream.ForEachOps$ForEachOp$OfRef.accept(ForEachOps.java:184)
	at java.base/java.util.stream.ReferencePipeline$3$1.accept(ReferencePipeline.java:197)
	at java.base/java.util.stream.ForEachOps$ForEachOp$OfRef.accept(ForEachOps.java:184)
	at java.base/java.util.stream.ForEachOps$ForEachOp$OfRef.accept(ForEachOps.java:184)
	at java.base/java.util.stream.ReferencePipeline$3$1.accept(ReferencePipeline.java:197)
	at java.base/java.util.Spliterators$ArraySpliterator.forEachRemaining(Spliterators.java:1024)
	at java.base/java.util.stream.AbstractPipeline.copyInto(AbstractPipeline.java:509)
	at java.base/java.util.stream.AbstractPipeline.wrapAndCopyInto(AbstractPipeline.java:499)
	at java.base/java.util.stream.ForEachOps$ForEachOp.evaluateSequential(ForEachOps.java:151)
	at java.base/java.util.stream.ForEachOps$ForEachOp$OfRef.evaluateSequential(ForEachOps.java:174)
	at java.base/java.util.stream.AbstractPipeline.evaluate(AbstractPipeline.java:234)
	at java.base/java.util.stream.ReferencePipeline.forEach(ReferencePipeline.java:596)
	at java.base/java.util.stream.ReferencePipeline$7$1.accept(ReferencePipeline.java:276)
	at java.base/java.util.ArrayList$ArrayListSpliterator.forEachRemaining(ArrayList.java:1708)
	at java.base/java.util.stream.AbstractPipeline.copyInto(AbstractPipeline.java:509)
	at java.base/java.util.stream.AbstractPipeline.wrapAndCopyInto(AbstractPipeline.java:499)
	at java.base/java.util.stream.ForEachOps$ForEachOp.evaluateSequential(ForEachOps.java:151)
	at java.base/java.util.stream.ForEachOps$ForEachOp$OfRef.evaluateSequential(ForEachOps.java:174)
	at java.base/java.util.stream.AbstractPipeline.evaluate(AbstractPipeline.java:234)
	at java.base/java.util.stream.ReferencePipeline.forEach(ReferencePipeline.java:596)
	at java.base/java.util.stream.ReferencePipeline$7$1.accept(ReferencePipeline.java:276)
	at java.base/java.util.stream.ReferencePipeline$3$1.accept(ReferencePipeline.java:197)
	at java.base/java.util.stream.ReferencePipeline$3$1.accept(ReferencePipeline.java:197)
	at java.base/java.util.stream.ReferencePipeline$3$1.accept(ReferencePipeline.java:197)
	at java.base/java.util.ArrayList$ArrayListSpliterator.forEachRemaining(ArrayList.java:1708)
	at java.base/java.util.stream.AbstractPipeline.copyInto(AbstractPipeline.java:509)
	at java.base/java.util.stream.AbstractPipeline.wrapAndCopyInto(AbstractPipeline.java:499)
	at java.base/java.util.stream.ForEachOps$ForEachOp.evaluateSequential(ForEachOps.java:151)
	at java.base/java.util.stream.ForEachOps$ForEachOp$OfRef.evaluateSequential(ForEachOps.java:174)
	at java.base/java.util.stream.AbstractPipeline.evaluate(AbstractPipeline.java:234)
	at java.base/java.util.stream.ReferencePipeline.forEach(ReferencePipeline.java:596)
	at java.base/java.util.ArrayList.forEach(ArrayList.java:1596)
	at java.base/java.util.ArrayList.forEach(ArrayList.java:1596)
	at java.base/java.util.ArrayList.forEach(ArrayList.java:1596)

[ERROR] de.cuioss.jwt.integration.AbstractJwtValidationEndpointTest$BearerTokenProducerTests.bearerTokenEndpointValidation(String)[3] -- Time elapsed: 0.082 s <<< FAILURE!
java.lang.AssertionError: 
1 expectation failed.
Expected status code <200> but was <401>.

	at java.base/jdk.internal.reflect.DirectConstructorHandleAccessor.newInstance(DirectConstructorHandleAccessor.java:62)
	at java.base/java.lang.reflect.Constructor.newInstanceWithCaller(Constructor.java:502)
	at java.base/java.lang.reflect.Constructor.newInstance(Constructor.java:486)
	at org.codehaus.groovy.reflection.CachedConstructor.invoke(CachedConstructor.java:73)
	at org.codehaus.groovy.runtime.callsite.ConstructorSite$ConstructorSiteNoUnwrapNoCoerce.callConstructor(ConstructorSite.java:108)
	at org.codehaus.groovy.runtime.callsite.AbstractCallSite.callConstructor(AbstractCallSite.java:277)
	at io.restassured.internal.ResponseSpecificationImpl$HamcrestAssertionClosure.validate(ResponseSpecificationImpl.groovy:512)
	at io.restassured.internal.ResponseSpecificationImpl$HamcrestAssertionClosure$validate$1.call(Unknown Source)
	at io.restassured.internal.ResponseSpecificationImpl.validateResponseIfRequired(ResponseSpecificationImpl.groovy:696)
	at io.restassured.internal.ResponseSpecificationImpl.this$2$validateResponseIfRequired(ResponseSpecificationImpl.groovy)
	at java.base/jdk.internal.reflect.DirectMethodHandleAccessor.invoke(DirectMethodHandleAccessor.java:103)
	at java.base/java.lang.reflect.Method.invoke(Method.java:580)
	at org.codehaus.groovy.runtime.callsite.PlainObjectMetaMethodSite.doInvoke(PlainObjectMetaMethodSite.java:43)
	at org.codehaus.groovy.runtime.callsite.PogoMetaMethodSite$PogoCachedMethodSiteNoUnwrapNoCoerce.invoke(PogoMetaMethodSite.java:198)
	at org.codehaus.groovy.runtime.callsite.PogoMetaMethodSite.callCurrent(PogoMetaMethodSite.java:62)
	at org.codehaus.groovy.runtime.callsite.AbstractCallSite.callCurrent(AbstractCallSite.java:185)
	at io.restassured.internal.ResponseSpecificationImpl.statusCode(ResponseSpecificationImpl.groovy:135)
	at io.restassured.specification.ResponseSpecification$statusCode$0.callCurrent(Unknown Source)
	at io.restassured.internal.ResponseSpecificationImpl.statusCode(ResponseSpecificationImpl.groovy:143)
	at io.restassured.internal.ValidatableResponseOptionsImpl.statusCode(ValidatableResponseOptionsImpl.java:89)
	at de.cuioss.jwt.integration.AbstractJwtValidationEndpointTest$BearerTokenProducerTests.bearerTokenEndpointValidation(AbstractJwtValidationEndpointTest.java:191)
	at java.base/java.lang.reflect.Method.invoke(Method.java:580)
	at java.base/java.util.Optional.ifPresent(Optional.java:178)
	at java.base/java.util.stream.ForEachOps$ForEachOp$OfRef.accept(ForEachOps.java:184)
	at java.base/java.util.stream.ReferencePipeline$3$1.accept(ReferencePipeline.java:197)
	at java.base/java.util.stream.ForEachOps$ForEachOp$OfRef.accept(ForEachOps.java:184)
	at java.base/java.util.stream.ForEachOps$ForEachOp$OfRef.accept(ForEachOps.java:184)
	at java.base/java.util.stream.ReferencePipeline$3$1.accept(ReferencePipeline.java:197)
	at java.base/java.util.Spliterators$ArraySpliterator.forEachRemaining(Spliterators.java:1024)
	at java.base/java.util.stream.AbstractPipeline.copyInto(AbstractPipeline.java:509)
	at java.base/java.util.stream.AbstractPipeline.wrapAndCopyInto(AbstractPipeline.java:499)
	at java.base/java.util.stream.ForEachOps$ForEachOp.evaluateSequential(ForEachOps.java:151)
	at java.base/java.util.stream.ForEachOps$ForEachOp$OfRef.evaluateSequential(ForEachOps.java:174)
	at java.base/java.util.stream.AbstractPipeline.evaluate(AbstractPipeline.java:234)
	at java.base/java.util.stream.ReferencePipeline.forEach(ReferencePipeline.java:596)
	at java.base/java.util.stream.ReferencePipeline$7$1.accept(ReferencePipeline.java:276)
	at java.base/java.util.ArrayList$ArrayListSpliterator.forEachRemaining(ArrayList.java:1708)
	at java.base/java.util.stream.AbstractPipeline.copyInto(AbstractPipeline.java:509)
	at java.base/java.util.stream.AbstractPipeline.wrapAndCopyInto(AbstractPipeline.java:499)
	at java.base/java.util.stream.ForEachOps$ForEachOp.evaluateSequential(ForEachOps.java:151)
	at java.base/java.util.stream.ForEachOps$ForEachOp$OfRef.evaluateSequential(ForEachOps.java:174)
	at java.base/java.util.stream.AbstractPipeline.evaluate(AbstractPipeline.java:234)
	at java.base/java.util.stream.ReferencePipeline.forEach(ReferencePipeline.java:596)
	at java.base/java.util.stream.ReferencePipeline$7$1.accept(ReferencePipeline.java:276)
	at java.base/java.util.stream.ReferencePipeline$3$1.accept(ReferencePipeline.java:197)
	at java.base/java.util.stream.ReferencePipeline$3$1.accept(ReferencePipeline.java:197)
	at java.base/java.util.stream.ReferencePipeline$3$1.accept(ReferencePipeline.java:197)
	at java.base/java.util.ArrayList$ArrayListSpliterator.forEachRemaining(ArrayList.java:1708)
	at java.base/java.util.stream.AbstractPipeline.copyInto(AbstractPipeline.java:509)
	at java.base/java.util.stream.AbstractPipeline.wrapAndCopyInto(AbstractPipeline.java:499)
	at java.base/java.util.stream.ForEachOps$ForEachOp.evaluateSequential(ForEachOps.java:151)
	at java.base/java.util.stream.ForEachOps$ForEachOp$OfRef.evaluateSequential(ForEachOps.java:174)
	at java.base/java.util.stream.AbstractPipeline.evaluate(AbstractPipeline.java:234)
	at java.base/java.util.stream.ReferencePipeline.forEach(ReferencePipeline.java:596)
	at java.base/java.util.ArrayList.forEach(ArrayList.java:1596)
	at java.base/java.util.ArrayList.forEach(ArrayList.java:1596)
	at java.base/java.util.ArrayList.forEach(ArrayList.java:1596)

[ERROR] de.cuioss.jwt.integration.AbstractJwtValidationEndpointTest$BearerTokenProducerTests.bearerTokenEndpointValidation(String)[4] -- Time elapsed: 0.074 s <<< FAILURE!
java.lang.AssertionError: 
1 expectation failed.
Expected status code <200> but was <401>.

	at java.base/jdk.internal.reflect.DirectConstructorHandleAccessor.newInstance(DirectConstructorHandleAccessor.java:62)
	at java.base/java.lang.reflect.Constructor.newInstanceWithCaller(Constructor.java:502)
	at java.base/java.lang.reflect.Constructor.newInstance(Constructor.java:486)
	at org.codehaus.groovy.reflection.CachedConstructor.invoke(CachedConstructor.java:73)
	at org.codehaus.groovy.runtime.callsite.ConstructorSite$ConstructorSiteNoUnwrapNoCoerce.callConstructor(ConstructorSite.java:108)
	at org.codehaus.groovy.runtime.callsite.AbstractCallSite.callConstructor(AbstractCallSite.java:277)
	at io.restassured.internal.ResponseSpecificationImpl$HamcrestAssertionClosure.validate(ResponseSpecificationImpl.groovy:512)
	at io.restassured.internal.ResponseSpecificationImpl$HamcrestAssertionClosure$validate$1.call(Unknown Source)
	at io.restassured.internal.ResponseSpecificationImpl.validateResponseIfRequired(ResponseSpecificationImpl.groovy:696)
	at io.restassured.internal.ResponseSpecificationImpl.this$2$validateResponseIfRequired(ResponseSpecificationImpl.groovy)
	at java.base/jdk.internal.reflect.DirectMethodHandleAccessor.invoke(DirectMethodHandleAccessor.java:103)
	at java.base/java.lang.reflect.Method.invoke(Method.java:580)
	at org.codehaus.groovy.runtime.callsite.PlainObjectMetaMethodSite.doInvoke(PlainObjectMetaMethodSite.java:43)
	at org.codehaus.groovy.runtime.callsite.PogoMetaMethodSite$PogoCachedMethodSiteNoUnwrapNoCoerce.invoke(PogoMetaMethodSite.java:198)
	at org.codehaus.groovy.runtime.callsite.PogoMetaMethodSite.callCurrent(PogoMetaMethodSite.java:62)
	at org.codehaus.groovy.runtime.callsite.AbstractCallSite.callCurrent(AbstractCallSite.java:185)
	at io.restassured.internal.ResponseSpecificationImpl.statusCode(ResponseSpecificationImpl.groovy:135)
	at io.restassured.specification.ResponseSpecification$statusCode$0.callCurrent(Unknown Source)
	at io.restassured.internal.ResponseSpecificationImpl.statusCode(ResponseSpecificationImpl.groovy:143)
	at io.restassured.internal.ValidatableResponseOptionsImpl.statusCode(ValidatableResponseOptionsImpl.java:89)
	at de.cuioss.jwt.integration.AbstractJwtValidationEndpointTest$BearerTokenProducerTests.bearerTokenEndpointValidation(AbstractJwtValidationEndpointTest.java:191)
	at java.base/java.lang.reflect.Method.invoke(Method.java:580)
	at java.base/java.util.Optional.ifPresent(Optional.java:178)
	at java.base/java.util.stream.ForEachOps$ForEachOp$OfRef.accept(ForEachOps.java:184)
	at java.base/java.util.stream.ReferencePipeline$3$1.accept(ReferencePipeline.java:197)
	at java.base/java.util.stream.ForEachOps$ForEachOp$OfRef.accept(ForEachOps.java:184)
	at java.base/java.util.stream.ForEachOps$ForEachOp$OfRef.accept(ForEachOps.java:184)
	at java.base/java.util.stream.ReferencePipeline$3$1.accept(ReferencePipeline.java:197)
	at java.base/java.util.Spliterators$ArraySpliterator.forEachRemaining(Spliterators.java:1024)
	at java.base/java.util.stream.AbstractPipeline.copyInto(AbstractPipeline.java:509)
	at java.base/java.util.stream.AbstractPipeline.wrapAndCopyInto(AbstractPipeline.java:499)
	at java.base/java.util.stream.ForEachOps$ForEachOp.evaluateSequential(ForEachOps.java:151)
	at java.base/java.util.stream.ForEachOps$ForEachOp$OfRef.evaluateSequential(ForEachOps.java:174)
	at java.base/java.util.stream.AbstractPipeline.evaluate(AbstractPipeline.java:234)
	at java.base/java.util.stream.ReferencePipeline.forEach(ReferencePipeline.java:596)
	at java.base/java.util.stream.ReferencePipeline$7$1.accept(ReferencePipeline.java:276)
	at java.base/java.util.ArrayList$ArrayListSpliterator.forEachRemaining(ArrayList.java:1708)
	at java.base/java.util.stream.AbstractPipeline.copyInto(AbstractPipeline.java:509)
	at java.base/java.util.stream.AbstractPipeline.wrapAndCopyInto(AbstractPipeline.java:499)
	at java.base/java.util.stream.ForEachOps$ForEachOp.evaluateSequential(ForEachOps.java:151)
	at java.base/java.util.stream.ForEachOps$ForEachOp$OfRef.evaluateSequential(ForEachOps.java:174)
	at java.base/java.util.stream.AbstractPipeline.evaluate(AbstractPipeline.java:234)
	at java.base/java.util.stream.ReferencePipeline.forEach(ReferencePipeline.java:596)
	at java.base/java.util.stream.ReferencePipeline$7$1.accept(ReferencePipeline.java:276)
	at java.base/java.util.stream.ReferencePipeline$3$1.accept(ReferencePipeline.java:197)
	at java.base/java.util.stream.ReferencePipeline$3$1.accept(ReferencePipeline.java:197)
	at java.base/java.util.stream.ReferencePipeline$3$1.accept(ReferencePipeline.java:197)
	at java.base/java.util.ArrayList$ArrayListSpliterator.forEachRemaining(ArrayList.java:1708)
	at java.base/java.util.stream.AbstractPipeline.copyInto(AbstractPipeline.java:509)
	at java.base/java.util.stream.AbstractPipeline.wrapAndCopyInto(AbstractPipeline.java:499)
	at java.base/java.util.stream.ForEachOps$ForEachOp.evaluateSequential(ForEachOps.java:151)
	at java.base/java.util.stream.ForEachOps$ForEachOp$OfRef.evaluateSequential(ForEachOps.java:174)
	at java.base/java.util.stream.AbstractPipeline.evaluate(AbstractPipeline.java:234)
	at java.base/java.util.stream.ReferencePipeline.forEach(ReferencePipeline.java:596)
	at java.base/java.util.ArrayList.forEach(ArrayList.java:1596)
	at java.base/java.util.ArrayList.forEach(ArrayList.java:1596)
	at java.base/java.util.ArrayList.forEach(ArrayList.java:1596)

[INFO] Running de.cuioss.jwt.integration.AbstractJwtValidationEndpointTest$PositiveTests
[ERROR] Tests run: 4, Failures: 3, Errors: 0, Skipped: 0, Time elapsed: 0.688 s <<< FAILURE! -- in de.cuioss.jwt.integration.AbstractJwtValidationEndpointTest$PositiveTests
[ERROR] de.cuioss.jwt.integration.AbstractJwtValidationEndpointTest$PositiveTests.validateAccessTokenEndpointPositive -- Time elapsed: 0.073 s <<< FAILURE!
java.lang.AssertionError: 
1 expectation failed.
Expected status code <200> but was <401>.

	at java.base/jdk.internal.reflect.DirectConstructorHandleAccessor.newInstance(DirectConstructorHandleAccessor.java:62)
	at java.base/java.lang.reflect.Constructor.newInstanceWithCaller(Constructor.java:502)
	at java.base/java.lang.reflect.Constructor.newInstance(Constructor.java:486)
	at org.codehaus.groovy.reflection.CachedConstructor.invoke(CachedConstructor.java:73)
	at org.codehaus.groovy.runtime.callsite.ConstructorSite$ConstructorSiteNoUnwrapNoCoerce.callConstructor(ConstructorSite.java:108)
	at org.codehaus.groovy.runtime.callsite.AbstractCallSite.callConstructor(AbstractCallSite.java:277)
	at io.restassured.internal.ResponseSpecificationImpl$HamcrestAssertionClosure.validate(ResponseSpecificationImpl.groovy:512)
	at io.restassured.internal.ResponseSpecificationImpl$HamcrestAssertionClosure$validate$1.call(Unknown Source)
	at io.restassured.internal.ResponseSpecificationImpl.validateResponseIfRequired(ResponseSpecificationImpl.groovy:696)
	at io.restassured.internal.ResponseSpecificationImpl.this$2$validateResponseIfRequired(ResponseSpecificationImpl.groovy)
	at java.base/jdk.internal.reflect.DirectMethodHandleAccessor.invoke(DirectMethodHandleAccessor.java:103)
	at java.base/java.lang.reflect.Method.invoke(Method.java:580)
	at org.codehaus.groovy.runtime.callsite.PlainObjectMetaMethodSite.doInvoke(PlainObjectMetaMethodSite.java:43)
	at org.codehaus.groovy.runtime.callsite.PogoMetaMethodSite$PogoCachedMethodSiteNoUnwrapNoCoerce.invoke(PogoMetaMethodSite.java:198)
	at org.codehaus.groovy.runtime.callsite.PogoMetaMethodSite.callCurrent(PogoMetaMethodSite.java:62)
	at org.codehaus.groovy.runtime.callsite.AbstractCallSite.callCurrent(AbstractCallSite.java:185)
	at io.restassured.internal.ResponseSpecificationImpl.statusCode(ResponseSpecificationImpl.groovy:135)
	at io.restassured.specification.ResponseSpecification$statusCode$0.callCurrent(Unknown Source)
	at io.restassured.internal.ResponseSpecificationImpl.statusCode(ResponseSpecificationImpl.groovy:143)
	at io.restassured.internal.ValidatableResponseOptionsImpl.statusCode(ValidatableResponseOptionsImpl.java:89)
	at de.cuioss.jwt.integration.AbstractJwtValidationEndpointTest$PositiveTests.validateAccessTokenEndpointPositive(AbstractJwtValidationEndpointTest.java:98)
	at java.base/java.lang.reflect.Method.invoke(Method.java:580)
	at java.base/java.util.ArrayList.forEach(ArrayList.java:1596)
	at java.base/java.util.ArrayList.forEach(ArrayList.java:1596)
	at java.base/java.util.ArrayList.forEach(ArrayList.java:1596)

[ERROR] de.cuioss.jwt.integration.AbstractJwtValidationEndpointTest$PositiveTests.validateIdTokenEndpointPositive -- Time elapsed: 0.243 s <<< FAILURE!
java.lang.AssertionError: 
1 expectation failed.
Expected status code <200> but was <401>.

	at java.base/jdk.internal.reflect.DirectConstructorHandleAccessor.newInstance(DirectConstructorHandleAccessor.java:62)
	at java.base/java.lang.reflect.Constructor.newInstanceWithCaller(Constructor.java:502)
	at java.base/java.lang.reflect.Constructor.newInstance(Constructor.java:486)
	at org.codehaus.groovy.reflection.CachedConstructor.invoke(CachedConstructor.java:73)
	at org.codehaus.groovy.runtime.callsite.ConstructorSite$ConstructorSiteNoUnwrapNoCoerce.callConstructor(ConstructorSite.java:108)
	at org.codehaus.groovy.runtime.callsite.AbstractCallSite.callConstructor(AbstractCallSite.java:277)
	at io.restassured.internal.ResponseSpecificationImpl$HamcrestAssertionClosure.validate(ResponseSpecificationImpl.groovy:512)
	at io.restassured.internal.ResponseSpecificationImpl$HamcrestAssertionClosure$validate$1.call(Unknown Source)
	at io.restassured.internal.ResponseSpecificationImpl.validateResponseIfRequired(ResponseSpecificationImpl.groovy:696)
	at io.restassured.internal.ResponseSpecificationImpl.this$2$validateResponseIfRequired(ResponseSpecificationImpl.groovy)
	at java.base/jdk.internal.reflect.DirectMethodHandleAccessor.invoke(DirectMethodHandleAccessor.java:103)
	at java.base/java.lang.reflect.Method.invoke(Method.java:580)
	at org.codehaus.groovy.runtime.callsite.PlainObjectMetaMethodSite.doInvoke(PlainObjectMetaMethodSite.java:43)
	at org.codehaus.groovy.runtime.callsite.PogoMetaMethodSite$PogoCachedMethodSiteNoUnwrapNoCoerce.invoke(PogoMetaMethodSite.java:198)
	at org.codehaus.groovy.runtime.callsite.PogoMetaMethodSite.callCurrent(PogoMetaMethodSite.java:62)
	at org.codehaus.groovy.runtime.callsite.AbstractCallSite.callCurrent(AbstractCallSite.java:185)
	at io.restassured.internal.ResponseSpecificationImpl.statusCode(ResponseSpecificationImpl.groovy:135)
	at io.restassured.specification.ResponseSpecification$statusCode$0.callCurrent(Unknown Source)
	at io.restassured.internal.ResponseSpecificationImpl.statusCode(ResponseSpecificationImpl.groovy:143)
	at io.restassured.internal.ValidatableResponseOptionsImpl.statusCode(ValidatableResponseOptionsImpl.java:89)
	at de.cuioss.jwt.integration.AbstractJwtValidationEndpointTest$PositiveTests.validateIdTokenEndpointPositive(AbstractJwtValidationEndpointTest.java:118)
	at java.base/java.lang.reflect.Method.invoke(Method.java:580)
	at java.base/java.util.ArrayList.forEach(ArrayList.java:1596)
	at java.base/java.util.ArrayList.forEach(ArrayList.java:1596)
	at java.base/java.util.ArrayList.forEach(ArrayList.java:1596)

[ERROR] de.cuioss.jwt.integration.AbstractJwtValidationEndpointTest$PositiveTests.validateAccessTokenEndpointMultipleRequests -- Time elapsed: 0.077 s <<< FAILURE!
java.lang.AssertionError: 
1 expectation failed.
Expected status code <200> but was <401>.

	at java.base/jdk.internal.reflect.DirectConstructorHandleAccessor.newInstance(DirectConstructorHandleAccessor.java:62)
	at java.base/java.lang.reflect.Constructor.newInstanceWithCaller(Constructor.java:502)
	at java.base/java.lang.reflect.Constructor.newInstance(Constructor.java:486)
	at org.codehaus.groovy.reflection.CachedConstructor.invoke(CachedConstructor.java:73)
	at org.codehaus.groovy.runtime.callsite.ConstructorSite$ConstructorSiteNoUnwrapNoCoerce.callConstructor(ConstructorSite.java:108)
	at org.codehaus.groovy.runtime.callsite.AbstractCallSite.callConstructor(AbstractCallSite.java:277)
	at io.restassured.internal.ResponseSpecificationImpl$HamcrestAssertionClosure.validate(ResponseSpecificationImpl.groovy:512)
	at io.restassured.internal.ResponseSpecificationImpl$HamcrestAssertionClosure$validate$1.call(Unknown Source)
	at io.restassured.internal.ResponseSpecificationImpl.validateResponseIfRequired(ResponseSpecificationImpl.groovy:696)
	at io.restassured.internal.ResponseSpecificationImpl.this$2$validateResponseIfRequired(ResponseSpecificationImpl.groovy)
	at java.base/jdk.internal.reflect.DirectMethodHandleAccessor.invoke(DirectMethodHandleAccessor.java:103)
	at java.base/java.lang.reflect.Method.invoke(Method.java:580)
	at org.codehaus.groovy.runtime.callsite.PlainObjectMetaMethodSite.doInvoke(PlainObjectMetaMethodSite.java:43)
	at org.codehaus.groovy.runtime.callsite.PogoMetaMethodSite$PogoCachedMethodSiteNoUnwrapNoCoerce.invoke(PogoMetaMethodSite.java:198)
	at org.codehaus.groovy.runtime.callsite.PogoMetaMethodSite.callCurrent(PogoMetaMethodSite.java:62)
	at org.codehaus.groovy.runtime.callsite.AbstractCallSite.callCurrent(AbstractCallSite.java:185)
	at io.restassured.internal.ResponseSpecificationImpl.statusCode(ResponseSpecificationImpl.groovy:135)
	at io.restassured.specification.ResponseSpecification$statusCode$0.callCurrent(Unknown Source)
	at io.restassured.internal.ResponseSpecificationImpl.statusCode(ResponseSpecificationImpl.groovy:143)
	at io.restassured.internal.ValidatableResponseOptionsImpl.statusCode(ValidatableResponseOptionsImpl.java:89)
	at de.cuioss.jwt.integration.AbstractJwtValidationEndpointTest$PositiveTests.validateAccessTokenEndpointMultipleRequests(AbstractJwtValidationEndpointTest.java:159)
	at java.base/java.lang.reflect.Method.invoke(Method.java:580)
	at java.base/java.util.ArrayList.forEach(ArrayList.java:1596)
	at java.base/java.util.ArrayList.forEach(ArrayList.java:1596)
	at java.base/java.util.ArrayList.forEach(ArrayList.java:1596)

[INFO] Tests run: 2, Failures: 0, Errors: 0, Skipped: 0, Time elapsed: 3.549 s -- in de.cuioss.jwt.integration.JwtValidationEndpointIntegrationIT
[INFO] Running de.cuioss.jwt.integration.JwtValidationEndpointBenchmarkIT
2025-09-06 11:43:23,511 FINE  [de.cui.jwt.int.BaseIntegrationTest] (main) Configured relaxed HTTPS validation for integration tests
2025-09-06 11:43:23,515 INFO  [de.cui.jwt.int.BaseIntegrationTest] (main) Integration tests configured for HTTPS port: 10443 with relaxed HTTPS validation
2025-09-06 11:43:24,231 INFO  [de.cui.jwt.int.AbstractJwtValidationEndpointTest] (main) Verifying SecurityEventCounter metrics bounds after all integration tests
2025-09-06 11:43:25,312 FINE  [de.cui.jwt.int.AbstractJwtValidationEndpointTest] (main) Raw metrics response length: 21499
2025-09-06 11:43:25,313 INFO  [de.cui.jwt.int.AbstractJwtValidationEndpointTest] (main) Found JWT validation metric: # TYPE cui_jwt_validation_errors counter
2025-09-06 11:43:25,313 INFO  [de.cui.jwt.int.AbstractJwtValidationEndpointTest] (main) Found JWT validation metric: # HELP cui_jwt_validation_errors Number of JWT validation errors by type
2025-09-06 11:43:25,313 INFO  [de.cui.jwt.int.AbstractJwtValidationEndpointTest] (main) Found JWT validation metric: cui_jwt_validation_errors_total{category="INVALID_STRUCTURE",event_type="FAILED_TO_DECODE_HEADER",result="failure"} 0.0
2025-09-06 11:43:25,313 INFO  [de.cui.jwt.int.AbstractJwtValidationEndpointTest] (main) Found JWT validation metric: cui_jwt_validation_errors_total{category="INVALID_STRUCTURE",event_type="TOKEN_SIZE_EXCEEDED",result="failure"} 0.0
2025-09-06 11:43:25,313 INFO  [de.cui.jwt.int.AbstractJwtValidationEndpointTest] (main) Found JWT validation metric: cui_jwt_validation_errors_total{category="SEMANTIC_ISSUES",event_type="MISSING_RECOMMENDED_ELEMENT",result="failure"} 0.0
2025-09-06 11:43:25,314 INFO  [de.cui.jwt.int.AbstractJwtValidationEndpointTest] (main) Found JWT validation metric: cui_jwt_validation_errors_total{category="INVALID_SIGNATURE",event_type="JWKS_FETCH_FAILED",result="failure"} 0.0
2025-09-06 11:43:25,314 INFO  [de.cui.jwt.int.AbstractJwtValidationEndpointTest] (main) Found JWT validation metric: cui_jwt_validation_errors_total{category="INVALID_SIGNATURE",event_type="JWKS_JSON_PARSE_FAILED",result="failure"} 0.0
2025-09-06 11:43:25,314 INFO  [de.cui.jwt.int.AbstractJwtValidationEndpointTest] (main) Found JWT validation metric: cui_jwt_validation_errors_total{category="INVALID_STRUCTURE",event_type="INVALID_JWT_FORMAT",result="failure"} 0.0
2025-09-06 11:43:25,314 INFO  [de.cui.jwt.int.AbstractJwtValidationEndpointTest] (main) Found JWT validation metric: cui_jwt_validation_errors_total{category="SEMANTIC_ISSUES",event_type="TOKEN_EXPIRED",result="failure"} 0.0
2025-09-06 11:43:25,314 INFO  [de.cui.jwt.int.AbstractJwtValidationEndpointTest] (main) Found JWT validation metric: cui_jwt_validation_errors_total{category="INVALID_STRUCTURE",event_type="FAILED_TO_DECODE_JWT",result="failure"} 5.0
2025-09-06 11:43:25,314 INFO  [de.cui.jwt.int.AbstractJwtValidationEndpointTest] (main) Found JWT validation metric: cui_jwt_validation_errors_total{category="SEMANTIC_ISSUES",event_type="AZP_MISMATCH",result="failure"} 0.0
2025-09-06 11:43:25,314 INFO  [de.cui.jwt.int.AbstractJwtValidationEndpointTest] (main) Found JWT validation metric: cui_jwt_validation_errors_total{category="SEMANTIC_ISSUES",event_type="NO_ISSUER_CONFIG",result="failure"} 7.0
2025-09-06 11:43:25,315 INFO  [de.cui.jwt.int.AbstractJwtValidationEndpointTest] (main) Found JWT validation metric: cui_jwt_validation_errors_total{category="SEMANTIC_ISSUES",event_type="MISSING_CLAIM",result="failure"} 0.0
2025-09-06 11:43:25,315 INFO  [de.cui.jwt.int.AbstractJwtValidationEndpointTest] (main) Found JWT validation metric: cui_jwt_validation_errors_total{category="INVALID_SIGNATURE",event_type="UNSUPPORTED_ALGORITHM",result="failure"} 0.0
2025-09-06 11:43:25,315 INFO  [de.cui.jwt.int.AbstractJwtValidationEndpointTest] (main) Found JWT validation metric: cui_jwt_validation_errors_total{category="SEMANTIC_ISSUES",event_type="ISSUER_MISMATCH",result="failure"} 0.0
2025-09-06 11:43:25,315 INFO  [de.cui.jwt.int.AbstractJwtValidationEndpointTest] (main) Found JWT validation metric: cui_jwt_validation_errors_total{category="INVALID_SIGNATURE",event_type="FAILED_TO_READ_JWKS_FILE",result="failure"} 0.0
2025-09-06 11:43:25,315 INFO  [de.cui.jwt.int.AbstractJwtValidationEndpointTest] (main) Found JWT validation metric: cui_jwt_validation_errors_total{category="INVALID_SIGNATURE",event_type="KEY_NOT_FOUND",result="failure"} 0.0
2025-09-06 11:43:25,315 INFO  [de.cui.jwt.int.AbstractJwtValidationEndpointTest] (main) Found JWT validation metric: cui_jwt_validation_errors_total{category="INVALID_STRUCTURE",event_type="TOKEN_EMPTY",result="failure"} 0.0
2025-09-06 11:43:25,315 INFO  [de.cui.jwt.int.AbstractJwtValidationEndpointTest] (main) Found JWT validation metric: cui_jwt_validation_errors_total{category="SEMANTIC_ISSUES",event_type="AUDIENCE_MISMATCH",result="failure"} 0.0
2025-09-06 11:43:25,316 INFO  [de.cui.jwt.int.AbstractJwtValidationEndpointTest] (main) Found JWT validation metric: cui_jwt_validation_errors_total{category="INVALID_SIGNATURE",event_type="SIGNATURE_VALIDATION_FAILED",result="failure"} 0.0
2025-09-06 11:43:25,316 INFO  [de.cui.jwt.int.AbstractJwtValidationEndpointTest] (main) Found JWT validation metric: cui_jwt_validation_errors_total{category="INVALID_STRUCTURE",event_type="FAILED_TO_DECODE_PAYLOAD",result="failure"} 0.0
2025-09-06 11:43:25,316 INFO  [de.cui.jwt.int.AbstractJwtValidationEndpointTest] (main) Found JWT validation metric: cui_jwt_validation_errors_total{category="INVALID_SIGNATURE",event_type="KEY_ROTATION_DETECTED",result="failure"} 0.0
2025-09-06 11:43:25,316 INFO  [de.cui.jwt.int.AbstractJwtValidationEndpointTest] (main) Found JWT validation metric: cui_jwt_validation_errors_total{category="INVALID_STRUCTURE",event_type="DECODED_PART_SIZE_EXCEEDED",result="failure"} 0.0
2025-09-06 11:43:25,316 INFO  [de.cui.jwt.int.AbstractJwtValidationEndpointTest] (main) Found JWT validation metric: cui_jwt_validation_errors_total{category="SEMANTIC_ISSUES",event_type="TOKEN_NBF_FUTURE",result="failure"} 0.0
2025-09-06 11:43:25,316 INFO  [de.cui.jwt.int.AbstractJwtValidationEndpointTest] (main) Found JWT validation metric: # TYPE cui_jwt_validation_success_operations counter
2025-09-06 11:43:25,316 INFO  [de.cui.jwt.int.AbstractJwtValidationEndpointTest] (main) Found JWT validation metric: # HELP cui_jwt_validation_success_operations Number of successful JWT operations by type
2025-09-06 11:43:25,317 INFO  [de.cui.jwt.int.AbstractJwtValidationEndpointTest] (main) Found JWT validation metric: cui_jwt_validation_success_operations_total{event_type="ACCESS_TOKEN_CREATED",result="success"} 0.0
2025-09-06 11:43:25,317 INFO  [de.cui.jwt.int.AbstractJwtValidationEndpointTest] (main) Found JWT validation metric: cui_jwt_validation_success_operations_total{event_type="ID_TOKEN_CREATED",result="success"} 0.0
2025-09-06 11:43:25,317 INFO  [de.cui.jwt.int.AbstractJwtValidationEndpointTest] (main) Found JWT validation metric: cui_jwt_validation_success_operations_total{event_type="REFRESH_TOKEN_CREATED",result="success"} 2.0
2025-09-06 11:43:25,317 INFO  [de.cui.jwt.int.AbstractJwtValidationEndpointTest] (main) Found JWT validation metric: cui_jwt_validation_success_operations_total{event_type="ACCESS_TOKEN_CACHE_HIT",result="success"} 0.0
2025-09-06 11:43:25,317 INFO  [de.cui.jwt.int.AbstractJwtValidationEndpointTest] (main) Success metrics present: false
2025-09-06 11:43:25,318 WARNING [de.cui.jwt.int.AbstractJwtValidationEndpointTest] (main) Success metrics not found - this indicates SecurityEventCounter success events are not being published
[INFO] Running de.cuioss.jwt.integration.AbstractJwtValidationEndpointTest$BearerTokenProducerTests
2025-09-06 11:43:25,422 INFO  [de.cui.jwt.int.AbstractJwtValidationEndpointTest] (main) bearerTokenWithScopes:eyJhbGciOiJSUzI1NiIsInR5cCIgOiAiSldUIiwia2lkIiA6ICIwNWlIRzlRY3dUNDFDejhodUJYcjEtMnlJZFJXTDdDbG5aaTZraVpOU2dvIn0.eyJleHAiOjE3NTcxNTI3MDUsImlhdCI6MTc1NzE1MTgwNSwianRpIjoib25ydHJvOmE0NTdhZmU3LWJmYWMtNDVjNy04MTJjLTI5YmIyZmM3NTI0ZSIsImlzcyI6Imh0dHBzOi8va2V5Y2xvYWs6ODQ0My9yZWFsbXMvYmVuY2htYXJrIiwiYXVkIjoiYmVuY2htYXJrLWNsaWVudCIsInR5cCI6IkJlYXJlciIsImF6cCI6ImJlbmNobWFyay1jbGllbnQiLCJzaWQiOiJhNGY5MzE5NS0wYjg3LTQ3NzEtYTFmMy05ZWM2MmRkOWQ4MTQiLCJzY29wZSI6ImVtYWlsIHByb2ZpbGUgb3BlbmlkIHJlYWQiLCJyb2xlcyI6WyJ1c2VyIl0sImdyb3VwcyI6WyJ0ZXN0LWdyb3VwIl0sInByZWZlcnJlZF91c2VybmFtZSI6ImJlbmNobWFyay11c2VyIiwiZW1haWwiOiJiZW5jaG1hcmtAZXhhbXBsZS5jb20ifQ.Eu8DwYgKusPP8LuZ-sObeLgaIL7WMUVsezvRNOkvSwzR6nYoQFGhrYWrdOjdMYGd1hcQpK4-yQct3zzs8427WHBFEEXx9cc6IX0YEcFIurEMmTA-YPXzKjlduRbQBBlYj3M96Etyma0xZWYA1Idsut5gtSnYZY6wWg-hs_LBY9vfeCiVBendQ2s78nFqRXDuy9pvJGMUgBFELd2XDUSWPZRML_XRieR6PBV-QPYl1Kmb-pBbpiIFHpOyB0BSraP1NRriA50PzsNCF9KpY1NRXguGAETc1x47We9vbkJTR7l7bHedUavduWcO7OkDWV6nHSn1pjYwOBR3VClmm8FUfA
[ERROR] Tests run: 4, Failures: 4, Errors: 0, Skipped: 0, Time elapsed: 0.382 s <<< FAILURE! -- in de.cuioss.jwt.integration.AbstractJwtValidationEndpointTest$BearerTokenProducerTests
[ERROR] de.cuioss.jwt.integration.AbstractJwtValidationEndpointTest$BearerTokenProducerTests.bearerTokenEndpointValidation(String)[1] -- Time elapsed: 0.116 s <<< FAILURE!
java.lang.AssertionError: 
1 expectation failed.
Expected status code <200> but was <401>.

	at java.base/jdk.internal.reflect.DirectConstructorHandleAccessor.newInstance(DirectConstructorHandleAccessor.java:62)
	at java.base/java.lang.reflect.Constructor.newInstanceWithCaller(Constructor.java:502)
	at java.base/java.lang.reflect.Constructor.newInstance(Constructor.java:486)
	at org.codehaus.groovy.reflection.CachedConstructor.invoke(CachedConstructor.java:73)
	at org.codehaus.groovy.runtime.callsite.ConstructorSite$ConstructorSiteNoUnwrapNoCoerce.callConstructor(ConstructorSite.java:108)
	at org.codehaus.groovy.runtime.callsite.CallSiteArray.defaultCallConstructor(CallSiteArray.java:57)
	at org.codehaus.groovy.runtime.callsite.AbstractCallSite.callConstructor(AbstractCallSite.java:263)
	at org.codehaus.groovy.runtime.callsite.AbstractCallSite.callConstructor(AbstractCallSite.java:277)
	at io.restassured.internal.ResponseSpecificationImpl$HamcrestAssertionClosure.validate(ResponseSpecificationImpl.groovy:512)
	at io.restassured.internal.ResponseSpecificationImpl$HamcrestAssertionClosure$validate$1.call(Unknown Source)
	at io.restassured.internal.ResponseSpecificationImpl.validateResponseIfRequired(ResponseSpecificationImpl.groovy:696)
	at io.restassured.internal.ResponseSpecificationImpl.this$2$validateResponseIfRequired(ResponseSpecificationImpl.groovy)
	at java.base/jdk.internal.reflect.DirectMethodHandleAccessor.invoke(DirectMethodHandleAccessor.java:103)
	at java.base/java.lang.reflect.Method.invoke(Method.java:580)
	at org.codehaus.groovy.runtime.callsite.PlainObjectMetaMethodSite.doInvoke(PlainObjectMetaMethodSite.java:43)
	at org.codehaus.groovy.runtime.callsite.PogoMetaMethodSite$PogoCachedMethodSiteNoUnwrapNoCoerce.invoke(PogoMetaMethodSite.java:198)
	at org.codehaus.groovy.runtime.callsite.PogoMetaMethodSite.callCurrent(PogoMetaMethodSite.java:62)
	at org.codehaus.groovy.runtime.callsite.AbstractCallSite.callCurrent(AbstractCallSite.java:185)
	at io.restassured.internal.ResponseSpecificationImpl.statusCode(ResponseSpecificationImpl.groovy:135)
	at io.restassured.specification.ResponseSpecification$statusCode$0.callCurrent(Unknown Source)
	at io.restassured.internal.ResponseSpecificationImpl.statusCode(ResponseSpecificationImpl.groovy:143)
	at io.restassured.internal.ValidatableResponseOptionsImpl.statusCode(ValidatableResponseOptionsImpl.java:89)
	at de.cuioss.jwt.integration.AbstractJwtValidationEndpointTest$BearerTokenProducerTests.bearerTokenEndpointValidation(AbstractJwtValidationEndpointTest.java:191)
	at java.base/java.lang.reflect.Method.invoke(Method.java:580)
	at java.base/java.util.Optional.ifPresent(Optional.java:178)
	at java.base/java.util.stream.ForEachOps$ForEachOp$OfRef.accept(ForEachOps.java:184)
	at java.base/java.util.stream.ReferencePipeline$3$1.accept(ReferencePipeline.java:197)
	at java.base/java.util.stream.ForEachOps$ForEachOp$OfRef.accept(ForEachOps.java:184)
	at java.base/java.util.stream.ForEachOps$ForEachOp$OfRef.accept(ForEachOps.java:184)
	at java.base/java.util.stream.ReferencePipeline$3$1.accept(ReferencePipeline.java:197)
	at java.base/java.util.Spliterators$ArraySpliterator.forEachRemaining(Spliterators.java:1024)
	at java.base/java.util.stream.AbstractPipeline.copyInto(AbstractPipeline.java:509)
	at java.base/java.util.stream.AbstractPipeline.wrapAndCopyInto(AbstractPipeline.java:499)
	at java.base/java.util.stream.ForEachOps$ForEachOp.evaluateSequential(ForEachOps.java:151)
	at java.base/java.util.stream.ForEachOps$ForEachOp$OfRef.evaluateSequential(ForEachOps.java:174)
	at java.base/java.util.stream.AbstractPipeline.evaluate(AbstractPipeline.java:234)
	at java.base/java.util.stream.ReferencePipeline.forEach(ReferencePipeline.java:596)
	at java.base/java.util.stream.ReferencePipeline$7$1.accept(ReferencePipeline.java:276)
	at java.base/java.util.ArrayList$ArrayListSpliterator.forEachRemaining(ArrayList.java:1708)
	at java.base/java.util.stream.AbstractPipeline.copyInto(AbstractPipeline.java:509)
	at java.base/java.util.stream.AbstractPipeline.wrapAndCopyInto(AbstractPipeline.java:499)
	at java.base/java.util.stream.ForEachOps$ForEachOp.evaluateSequential(ForEachOps.java:151)
	at java.base/java.util.stream.ForEachOps$ForEachOp$OfRef.evaluateSequential(ForEachOps.java:174)
	at java.base/java.util.stream.AbstractPipeline.evaluate(AbstractPipeline.java:234)
	at java.base/java.util.stream.ReferencePipeline.forEach(ReferencePipeline.java:596)
	at java.base/java.util.stream.ReferencePipeline$7$1.accept(ReferencePipeline.java:276)
	at java.base/java.util.stream.ReferencePipeline$3$1.accept(ReferencePipeline.java:197)
	at java.base/java.util.stream.ReferencePipeline$3$1.accept(ReferencePipeline.java:197)
	at java.base/java.util.stream.ReferencePipeline$3$1.accept(ReferencePipeline.java:197)
	at java.base/java.util.ArrayList$ArrayListSpliterator.forEachRemaining(ArrayList.java:1708)
	at java.base/java.util.stream.AbstractPipeline.copyInto(AbstractPipeline.java:509)
	at java.base/java.util.stream.AbstractPipeline.wrapAndCopyInto(AbstractPipeline.java:499)
	at java.base/java.util.stream.ForEachOps$ForEachOp.evaluateSequential(ForEachOps.java:151)
	at java.base/java.util.stream.ForEachOps$ForEachOp$OfRef.evaluateSequential(ForEachOps.java:174)
	at java.base/java.util.stream.AbstractPipeline.evaluate(AbstractPipeline.java:234)
	at java.base/java.util.stream.ReferencePipeline.forEach(ReferencePipeline.java:596)
	at java.base/java.util.ArrayList.forEach(ArrayList.java:1596)
	at java.base/java.util.ArrayList.forEach(ArrayList.java:1596)
	at java.base/java.util.ArrayList.forEach(ArrayList.java:1596)

[ERROR] de.cuioss.jwt.integration.AbstractJwtValidationEndpointTest$BearerTokenProducerTests.bearerTokenEndpointValidation(String)[2] -- Time elapsed: 0.079 s <<< FAILURE!
java.lang.AssertionError: 
1 expectation failed.
Expected status code <200> but was <401>.

	at java.base/jdk.internal.reflect.DirectConstructorHandleAccessor.newInstance(DirectConstructorHandleAccessor.java:62)
	at java.base/java.lang.reflect.Constructor.newInstanceWithCaller(Constructor.java:502)
	at java.base/java.lang.reflect.Constructor.newInstance(Constructor.java:486)
	at org.codehaus.groovy.reflection.CachedConstructor.invoke(CachedConstructor.java:73)
	at org.codehaus.groovy.runtime.callsite.ConstructorSite$ConstructorSiteNoUnwrapNoCoerce.callConstructor(ConstructorSite.java:108)
	at org.codehaus.groovy.runtime.callsite.AbstractCallSite.callConstructor(AbstractCallSite.java:277)
	at io.restassured.internal.ResponseSpecificationImpl$HamcrestAssertionClosure.validate(ResponseSpecificationImpl.groovy:512)
	at io.restassured.internal.ResponseSpecificationImpl$HamcrestAssertionClosure$validate$1.call(Unknown Source)
	at io.restassured.internal.ResponseSpecificationImpl.validateResponseIfRequired(ResponseSpecificationImpl.groovy:696)
	at io.restassured.internal.ResponseSpecificationImpl.this$2$validateResponseIfRequired(ResponseSpecificationImpl.groovy)
	at java.base/jdk.internal.reflect.DirectMethodHandleAccessor.invoke(DirectMethodHandleAccessor.java:103)
	at java.base/java.lang.reflect.Method.invoke(Method.java:580)
	at org.codehaus.groovy.runtime.callsite.PlainObjectMetaMethodSite.doInvoke(PlainObjectMetaMethodSite.java:43)
	at org.codehaus.groovy.runtime.callsite.PogoMetaMethodSite$PogoCachedMethodSiteNoUnwrapNoCoerce.invoke(PogoMetaMethodSite.java:198)
	at org.codehaus.groovy.runtime.callsite.PogoMetaMethodSite.callCurrent(PogoMetaMethodSite.java:62)
	at org.codehaus.groovy.runtime.callsite.AbstractCallSite.callCurrent(AbstractCallSite.java:185)
	at io.restassured.internal.ResponseSpecificationImpl.statusCode(ResponseSpecificationImpl.groovy:135)
	at io.restassured.specification.ResponseSpecification$statusCode$0.callCurrent(Unknown Source)
	at io.restassured.internal.ResponseSpecificationImpl.statusCode(ResponseSpecificationImpl.groovy:143)
	at io.restassured.internal.ValidatableResponseOptionsImpl.statusCode(ValidatableResponseOptionsImpl.java:89)
	at de.cuioss.jwt.integration.AbstractJwtValidationEndpointTest$BearerTokenProducerTests.bearerTokenEndpointValidation(AbstractJwtValidationEndpointTest.java:191)
	at java.base/java.lang.reflect.Method.invoke(Method.java:580)
	at java.base/java.util.Optional.ifPresent(Optional.java:178)
	at java.base/java.util.stream.ForEachOps$ForEachOp$OfRef.accept(ForEachOps.java:184)
	at java.base/java.util.stream.ReferencePipeline$3$1.accept(ReferencePipeline.java:197)
	at java.base/java.util.stream.ForEachOps$ForEachOp$OfRef.accept(ForEachOps.java:184)
	at java.base/java.util.stream.ForEachOps$ForEachOp$OfRef.accept(ForEachOps.java:184)
	at java.base/java.util.stream.ReferencePipeline$3$1.accept(ReferencePipeline.java:197)
	at java.base/java.util.Spliterators$ArraySpliterator.forEachRemaining(Spliterators.java:1024)
	at java.base/java.util.stream.AbstractPipeline.copyInto(AbstractPipeline.java:509)
	at java.base/java.util.stream.AbstractPipeline.wrapAndCopyInto(AbstractPipeline.java:499)
	at java.base/java.util.stream.ForEachOps$ForEachOp.evaluateSequential(ForEachOps.java:151)
	at java.base/java.util.stream.ForEachOps$ForEachOp$OfRef.evaluateSequential(ForEachOps.java:174)
	at java.base/java.util.stream.AbstractPipeline.evaluate(AbstractPipeline.java:234)
	at java.base/java.util.stream.ReferencePipeline.forEach(ReferencePipeline.java:596)
	at java.base/java.util.stream.ReferencePipeline$7$1.accept(ReferencePipeline.java:276)
	at java.base/java.util.ArrayList$ArrayListSpliterator.forEachRemaining(ArrayList.java:1708)
	at java.base/java.util.stream.AbstractPipeline.copyInto(AbstractPipeline.java:509)
	at java.base/java.util.stream.AbstractPipeline.wrapAndCopyInto(AbstractPipeline.java:499)
	at java.base/java.util.stream.ForEachOps$ForEachOp.evaluateSequential(ForEachOps.java:151)
	at java.base/java.util.stream.ForEachOps$ForEachOp$OfRef.evaluateSequential(ForEachOps.java:174)
	at java.base/java.util.stream.AbstractPipeline.evaluate(AbstractPipeline.java:234)
	at java.base/java.util.stream.ReferencePipeline.forEach(ReferencePipeline.java:596)
	at java.base/java.util.stream.ReferencePipeline$7$1.accept(ReferencePipeline.java:276)
	at java.base/java.util.stream.ReferencePipeline$3$1.accept(ReferencePipeline.java:197)
	at java.base/java.util.stream.ReferencePipeline$3$1.accept(ReferencePipeline.java:197)
	at java.base/java.util.stream.ReferencePipeline$3$1.accept(ReferencePipeline.java:197)
	at java.base/java.util.ArrayList$ArrayListSpliterator.forEachRemaining(ArrayList.java:1708)
	at java.base/java.util.stream.AbstractPipeline.copyInto(AbstractPipeline.java:509)
	at java.base/java.util.stream.AbstractPipeline.wrapAndCopyInto(AbstractPipeline.java:499)
	at java.base/java.util.stream.ForEachOps$ForEachOp.evaluateSequential(ForEachOps.java:151)
	at java.base/java.util.stream.ForEachOps$ForEachOp$OfRef.evaluateSequential(ForEachOps.java:174)
	at java.base/java.util.stream.AbstractPipeline.evaluate(AbstractPipeline.java:234)
	at java.base/java.util.stream.ReferencePipeline.forEach(ReferencePipeline.java:596)
	at java.base/java.util.ArrayList.forEach(ArrayList.java:1596)
	at java.base/java.util.ArrayList.forEach(ArrayList.java:1596)
	at java.base/java.util.ArrayList.forEach(ArrayList.java:1596)

[ERROR] de.cuioss.jwt.integration.AbstractJwtValidationEndpointTest$BearerTokenProducerTests.bearerTokenEndpointValidation(String)[3] -- Time elapsed: 0.081 s <<< FAILURE!
java.lang.AssertionError: 
1 expectation failed.
Expected status code <200> but was <401>.

	at java.base/jdk.internal.reflect.DirectConstructorHandleAccessor.newInstance(DirectConstructorHandleAccessor.java:62)
	at java.base/java.lang.reflect.Constructor.newInstanceWithCaller(Constructor.java:502)
	at java.base/java.lang.reflect.Constructor.newInstance(Constructor.java:486)
	at org.codehaus.groovy.reflection.CachedConstructor.invoke(CachedConstructor.java:73)
	at org.codehaus.groovy.runtime.callsite.ConstructorSite$ConstructorSiteNoUnwrapNoCoerce.callConstructor(ConstructorSite.java:108)
	at org.codehaus.groovy.runtime.callsite.AbstractCallSite.callConstructor(AbstractCallSite.java:277)
	at io.restassured.internal.ResponseSpecificationImpl$HamcrestAssertionClosure.validate(ResponseSpecificationImpl.groovy:512)
	at io.restassured.internal.ResponseSpecificationImpl$HamcrestAssertionClosure$validate$1.call(Unknown Source)
	at io.restassured.internal.ResponseSpecificationImpl.validateResponseIfRequired(ResponseSpecificationImpl.groovy:696)
	at io.restassured.internal.ResponseSpecificationImpl.this$2$validateResponseIfRequired(ResponseSpecificationImpl.groovy)
	at java.base/jdk.internal.reflect.DirectMethodHandleAccessor.invoke(DirectMethodHandleAccessor.java:103)
	at java.base/java.lang.reflect.Method.invoke(Method.java:580)
	at org.codehaus.groovy.runtime.callsite.PlainObjectMetaMethodSite.doInvoke(PlainObjectMetaMethodSite.java:43)
	at org.codehaus.groovy.runtime.callsite.PogoMetaMethodSite$PogoCachedMethodSiteNoUnwrapNoCoerce.invoke(PogoMetaMethodSite.java:198)
	at org.codehaus.groovy.runtime.callsite.PogoMetaMethodSite.callCurrent(PogoMetaMethodSite.java:62)
	at org.codehaus.groovy.runtime.callsite.AbstractCallSite.callCurrent(AbstractCallSite.java:185)
	at io.restassured.internal.ResponseSpecificationImpl.statusCode(ResponseSpecificationImpl.groovy:135)
	at io.restassured.specification.ResponseSpecification$statusCode$0.callCurrent(Unknown Source)
	at io.restassured.internal.ResponseSpecificationImpl.statusCode(ResponseSpecificationImpl.groovy:143)
	at io.restassured.internal.ValidatableResponseOptionsImpl.statusCode(ValidatableResponseOptionsImpl.java:89)
	at de.cuioss.jwt.integration.AbstractJwtValidationEndpointTest$BearerTokenProducerTests.bearerTokenEndpointValidation(AbstractJwtValidationEndpointTest.java:191)
	at java.base/java.lang.reflect.Method.invoke(Method.java:580)
	at java.base/java.util.Optional.ifPresent(Optional.java:178)
	at java.base/java.util.stream.ForEachOps$ForEachOp$OfRef.accept(ForEachOps.java:184)
	at java.base/java.util.stream.ReferencePipeline$3$1.accept(ReferencePipeline.java:197)
	at java.base/java.util.stream.ForEachOps$ForEachOp$OfRef.accept(ForEachOps.java:184)
	at java.base/java.util.stream.ForEachOps$ForEachOp$OfRef.accept(ForEachOps.java:184)
	at java.base/java.util.stream.ReferencePipeline$3$1.accept(ReferencePipeline.java:197)
	at java.base/java.util.Spliterators$ArraySpliterator.forEachRemaining(Spliterators.java:1024)
	at java.base/java.util.stream.AbstractPipeline.copyInto(AbstractPipeline.java:509)
	at java.base/java.util.stream.AbstractPipeline.wrapAndCopyInto(AbstractPipeline.java:499)
	at java.base/java.util.stream.ForEachOps$ForEachOp.evaluateSequential(ForEachOps.java:151)
	at java.base/java.util.stream.ForEachOps$ForEachOp$OfRef.evaluateSequential(ForEachOps.java:174)
	at java.base/java.util.stream.AbstractPipeline.evaluate(AbstractPipeline.java:234)
	at java.base/java.util.stream.ReferencePipeline.forEach(ReferencePipeline.java:596)
	at java.base/java.util.stream.ReferencePipeline$7$1.accept(ReferencePipeline.java:276)
	at java.base/java.util.ArrayList$ArrayListSpliterator.forEachRemaining(ArrayList.java:1708)
	at java.base/java.util.stream.AbstractPipeline.copyInto(AbstractPipeline.java:509)
	at java.base/java.util.stream.AbstractPipeline.wrapAndCopyInto(AbstractPipeline.java:499)
	at java.base/java.util.stream.ForEachOps$ForEachOp.evaluateSequential(ForEachOps.java:151)
	at java.base/java.util.stream.ForEachOps$ForEachOp$OfRef.evaluateSequential(ForEachOps.java:174)
	at java.base/java.util.stream.AbstractPipeline.evaluate(AbstractPipeline.java:234)
	at java.base/java.util.stream.ReferencePipeline.forEach(ReferencePipeline.java:596)
	at java.base/java.util.stream.ReferencePipeline$7$1.accept(ReferencePipeline.java:276)
	at java.base/java.util.stream.ReferencePipeline$3$1.accept(ReferencePipeline.java:197)
	at java.base/java.util.stream.ReferencePipeline$3$1.accept(ReferencePipeline.java:197)
	at java.base/java.util.stream.ReferencePipeline$3$1.accept(ReferencePipeline.java:197)
	at java.base/java.util.ArrayList$ArrayListSpliterator.forEachRemaining(ArrayList.java:1708)
	at java.base/java.util.stream.AbstractPipeline.copyInto(AbstractPipeline.java:509)
	at java.base/java.util.stream.AbstractPipeline.wrapAndCopyInto(AbstractPipeline.java:499)
	at java.base/java.util.stream.ForEachOps$ForEachOp.evaluateSequential(ForEachOps.java:151)
	at java.base/java.util.stream.ForEachOps$ForEachOp$OfRef.evaluateSequential(ForEachOps.java:174)
	at java.base/java.util.stream.AbstractPipeline.evaluate(AbstractPipeline.java:234)
	at java.base/java.util.stream.ReferencePipeline.forEach(ReferencePipeline.java:596)
	at java.base/java.util.ArrayList.forEach(ArrayList.java:1596)
	at java.base/java.util.ArrayList.forEach(ArrayList.java:1596)
	at java.base/java.util.ArrayList.forEach(ArrayList.java:1596)

[ERROR] de.cuioss.jwt.integration.AbstractJwtValidationEndpointTest$BearerTokenProducerTests.bearerTokenEndpointValidation(String)[4] -- Time elapsed: 0.079 s <<< FAILURE!
java.lang.AssertionError: 
1 expectation failed.
Expected status code <200> but was <401>.

	at java.base/jdk.internal.reflect.DirectConstructorHandleAccessor.newInstance(DirectConstructorHandleAccessor.java:62)
	at java.base/java.lang.reflect.Constructor.newInstanceWithCaller(Constructor.java:502)
	at java.base/java.lang.reflect.Constructor.newInstance(Constructor.java:486)
	at org.codehaus.groovy.reflection.CachedConstructor.invoke(CachedConstructor.java:73)
	at org.codehaus.groovy.runtime.callsite.ConstructorSite$ConstructorSiteNoUnwrapNoCoerce.callConstructor(ConstructorSite.java:108)
	at org.codehaus.groovy.runtime.callsite.AbstractCallSite.callConstructor(AbstractCallSite.java:277)
	at io.restassured.internal.ResponseSpecificationImpl$HamcrestAssertionClosure.validate(ResponseSpecificationImpl.groovy:512)
	at io.restassured.internal.ResponseSpecificationImpl$HamcrestAssertionClosure$validate$1.call(Unknown Source)
	at io.restassured.internal.ResponseSpecificationImpl.validateResponseIfRequired(ResponseSpecificationImpl.groovy:696)
	at io.restassured.internal.ResponseSpecificationImpl.this$2$validateResponseIfRequired(ResponseSpecificationImpl.groovy)
	at java.base/jdk.internal.reflect.DirectMethodHandleAccessor.invoke(DirectMethodHandleAccessor.java:103)
	at java.base/java.lang.reflect.Method.invoke(Method.java:580)
	at org.codehaus.groovy.runtime.callsite.PlainObjectMetaMethodSite.doInvoke(PlainObjectMetaMethodSite.java:43)
	at org.codehaus.groovy.runtime.callsite.PogoMetaMethodSite$PogoCachedMethodSiteNoUnwrapNoCoerce.invoke(PogoMetaMethodSite.java:198)
	at org.codehaus.groovy.runtime.callsite.PogoMetaMethodSite.callCurrent(PogoMetaMethodSite.java:62)
	at org.codehaus.groovy.runtime.callsite.AbstractCallSite.callCurrent(AbstractCallSite.java:185)
	at io.restassured.internal.ResponseSpecificationImpl.statusCode(ResponseSpecificationImpl.groovy:135)
	at io.restassured.specification.ResponseSpecification$statusCode$0.callCurrent(Unknown Source)
	at io.restassured.internal.ResponseSpecificationImpl.statusCode(ResponseSpecificationImpl.groovy:143)
	at io.restassured.internal.ValidatableResponseOptionsImpl.statusCode(ValidatableResponseOptionsImpl.java:89)
	at de.cuioss.jwt.integration.AbstractJwtValidationEndpointTest$BearerTokenProducerTests.bearerTokenEndpointValidation(AbstractJwtValidationEndpointTest.java:191)
	at java.base/java.lang.reflect.Method.invoke(Method.java:580)
	at java.base/java.util.Optional.ifPresent(Optional.java:178)
	at java.base/java.util.stream.ForEachOps$ForEachOp$OfRef.accept(ForEachOps.java:184)
	at java.base/java.util.stream.ReferencePipeline$3$1.accept(ReferencePipeline.java:197)
	at java.base/java.util.stream.ForEachOps$ForEachOp$OfRef.accept(ForEachOps.java:184)
	at java.base/java.util.stream.ForEachOps$ForEachOp$OfRef.accept(ForEachOps.java:184)
	at java.base/java.util.stream.ReferencePipeline$3$1.accept(ReferencePipeline.java:197)
	at java.base/java.util.Spliterators$ArraySpliterator.forEachRemaining(Spliterators.java:1024)
	at java.base/java.util.stream.AbstractPipeline.copyInto(AbstractPipeline.java:509)
	at java.base/java.util.stream.AbstractPipeline.wrapAndCopyInto(AbstractPipeline.java:499)
	at java.base/java.util.stream.ForEachOps$ForEachOp.evaluateSequential(ForEachOps.java:151)
	at java.base/java.util.stream.ForEachOps$ForEachOp$OfRef.evaluateSequential(ForEachOps.java:174)
	at java.base/java.util.stream.AbstractPipeline.evaluate(AbstractPipeline.java:234)
	at java.base/java.util.stream.ReferencePipeline.forEach(ReferencePipeline.java:596)
	at java.base/java.util.stream.ReferencePipeline$7$1.accept(ReferencePipeline.java:276)
	at java.base/java.util.ArrayList$ArrayListSpliterator.forEachRemaining(ArrayList.java:1708)
	at java.base/java.util.stream.AbstractPipeline.copyInto(AbstractPipeline.java:509)
	at java.base/java.util.stream.AbstractPipeline.wrapAndCopyInto(AbstractPipeline.java:499)
	at java.base/java.util.stream.ForEachOps$ForEachOp.evaluateSequential(ForEachOps.java:151)
	at java.base/java.util.stream.ForEachOps$ForEachOp$OfRef.evaluateSequential(ForEachOps.java:174)
	at java.base/java.util.stream.AbstractPipeline.evaluate(AbstractPipeline.java:234)
	at java.base/java.util.stream.ReferencePipeline.forEach(ReferencePipeline.java:596)
	at java.base/java.util.stream.ReferencePipeline$7$1.accept(ReferencePipeline.java:276)
	at java.base/java.util.stream.ReferencePipeline$3$1.accept(ReferencePipeline.java:197)
	at java.base/java.util.stream.ReferencePipeline$3$1.accept(ReferencePipeline.java:197)
	at java.base/java.util.stream.ReferencePipeline$3$1.accept(ReferencePipeline.java:197)
	at java.base/java.util.ArrayList$ArrayListSpliterator.forEachRemaining(ArrayList.java:1708)
	at java.base/java.util.stream.AbstractPipeline.copyInto(AbstractPipeline.java:509)
	at java.base/java.util.stream.AbstractPipeline.wrapAndCopyInto(AbstractPipeline.java:499)
	at java.base/java.util.stream.ForEachOps$ForEachOp.evaluateSequential(ForEachOps.java:151)
	at java.base/java.util.stream.ForEachOps$ForEachOp$OfRef.evaluateSequential(ForEachOps.java:174)
	at java.base/java.util.stream.AbstractPipeline.evaluate(AbstractPipeline.java:234)
	at java.base/java.util.stream.ReferencePipeline.forEach(ReferencePipeline.java:596)
	at java.base/java.util.ArrayList.forEach(ArrayList.java:1596)
	at java.base/java.util.ArrayList.forEach(ArrayList.java:1596)
	at java.base/java.util.ArrayList.forEach(ArrayList.java:1596)

[INFO] Running de.cuioss.jwt.integration.AbstractJwtValidationEndpointTest$PositiveTests
[ERROR] Tests run: 4, Failures: 3, Errors: 0, Skipped: 0, Time elapsed: 0.704 s <<< FAILURE! -- in de.cuioss.jwt.integration.AbstractJwtValidationEndpointTest$PositiveTests
[ERROR] de.cuioss.jwt.integration.AbstractJwtValidationEndpointTest$PositiveTests.validateAccessTokenEndpointPositive -- Time elapsed: 0.090 s <<< FAILURE!
java.lang.AssertionError: 
1 expectation failed.
Expected status code <200> but was <401>.

	at java.base/jdk.internal.reflect.DirectConstructorHandleAccessor.newInstance(DirectConstructorHandleAccessor.java:62)
	at java.base/java.lang.reflect.Constructor.newInstanceWithCaller(Constructor.java:502)
	at java.base/java.lang.reflect.Constructor.newInstance(Constructor.java:486)
	at org.codehaus.groovy.reflection.CachedConstructor.invoke(CachedConstructor.java:73)
	at org.codehaus.groovy.runtime.callsite.ConstructorSite$ConstructorSiteNoUnwrapNoCoerce.callConstructor(ConstructorSite.java:108)
	at org.codehaus.groovy.runtime.callsite.AbstractCallSite.callConstructor(AbstractCallSite.java:277)
	at io.restassured.internal.ResponseSpecificationImpl$HamcrestAssertionClosure.validate(ResponseSpecificationImpl.groovy:512)
	at io.restassured.internal.ResponseSpecificationImpl$HamcrestAssertionClosure$validate$1.call(Unknown Source)
	at io.restassured.internal.ResponseSpecificationImpl.validateResponseIfRequired(ResponseSpecificationImpl.groovy:696)
	at io.restassured.internal.ResponseSpecificationImpl.this$2$validateResponseIfRequired(ResponseSpecificationImpl.groovy)
	at java.base/jdk.internal.reflect.DirectMethodHandleAccessor.invoke(DirectMethodHandleAccessor.java:103)
	at java.base/java.lang.reflect.Method.invoke(Method.java:580)
	at org.codehaus.groovy.runtime.callsite.PlainObjectMetaMethodSite.doInvoke(PlainObjectMetaMethodSite.java:43)
	at org.codehaus.groovy.runtime.callsite.PogoMetaMethodSite$PogoCachedMethodSiteNoUnwrapNoCoerce.invoke(PogoMetaMethodSite.java:198)
	at org.codehaus.groovy.runtime.callsite.PogoMetaMethodSite.callCurrent(PogoMetaMethodSite.java:62)
	at org.codehaus.groovy.runtime.callsite.AbstractCallSite.callCurrent(AbstractCallSite.java:185)
	at io.restassured.internal.ResponseSpecificationImpl.statusCode(ResponseSpecificationImpl.groovy:135)
	at io.restassured.specification.ResponseSpecification$statusCode$0.callCurrent(Unknown Source)
	at io.restassured.internal.ResponseSpecificationImpl.statusCode(ResponseSpecificationImpl.groovy:143)
	at io.restassured.internal.ValidatableResponseOptionsImpl.statusCode(ValidatableResponseOptionsImpl.java:89)
	at de.cuioss.jwt.integration.AbstractJwtValidationEndpointTest$PositiveTests.validateAccessTokenEndpointPositive(AbstractJwtValidationEndpointTest.java:98)
	at java.base/java.lang.reflect.Method.invoke(Method.java:580)
	at java.base/java.util.ArrayList.forEach(ArrayList.java:1596)
	at java.base/java.util.ArrayList.forEach(ArrayList.java:1596)
	at java.base/java.util.ArrayList.forEach(ArrayList.java:1596)

[ERROR] de.cuioss.jwt.integration.AbstractJwtValidationEndpointTest$PositiveTests.validateIdTokenEndpointPositive -- Time elapsed: 0.233 s <<< FAILURE!
java.lang.AssertionError: 
1 expectation failed.
Expected status code <200> but was <401>.

	at java.base/jdk.internal.reflect.DirectConstructorHandleAccessor.newInstance(DirectConstructorHandleAccessor.java:62)
	at java.base/java.lang.reflect.Constructor.newInstanceWithCaller(Constructor.java:502)
	at java.base/java.lang.reflect.Constructor.newInstance(Constructor.java:486)
	at org.codehaus.groovy.reflection.CachedConstructor.invoke(CachedConstructor.java:73)
	at org.codehaus.groovy.runtime.callsite.ConstructorSite$ConstructorSiteNoUnwrapNoCoerce.callConstructor(ConstructorSite.java:108)
	at org.codehaus.groovy.runtime.callsite.AbstractCallSite.callConstructor(AbstractCallSite.java:277)
	at io.restassured.internal.ResponseSpecificationImpl$HamcrestAssertionClosure.validate(ResponseSpecificationImpl.groovy:512)
	at io.restassured.internal.ResponseSpecificationImpl$HamcrestAssertionClosure$validate$1.call(Unknown Source)
	at io.restassured.internal.ResponseSpecificationImpl.validateResponseIfRequired(ResponseSpecificationImpl.groovy:696)
	at io.restassured.internal.ResponseSpecificationImpl.this$2$validateResponseIfRequired(ResponseSpecificationImpl.groovy)
	at java.base/jdk.internal.reflect.DirectMethodHandleAccessor.invoke(DirectMethodHandleAccessor.java:103)
	at java.base/java.lang.reflect.Method.invoke(Method.java:580)
	at org.codehaus.groovy.runtime.callsite.PlainObjectMetaMethodSite.doInvoke(PlainObjectMetaMethodSite.java:43)
	at org.codehaus.groovy.runtime.callsite.PogoMetaMethodSite$PogoCachedMethodSiteNoUnwrapNoCoerce.invoke(PogoMetaMethodSite.java:198)
	at org.codehaus.groovy.runtime.callsite.PogoMetaMethodSite.callCurrent(PogoMetaMethodSite.java:62)
	at org.codehaus.groovy.runtime.callsite.AbstractCallSite.callCurrent(AbstractCallSite.java:185)
	at io.restassured.internal.ResponseSpecificationImpl.statusCode(ResponseSpecificationImpl.groovy:135)
	at io.restassured.specification.ResponseSpecification$statusCode$0.callCurrent(Unknown Source)
	at io.restassured.internal.ResponseSpecificationImpl.statusCode(ResponseSpecificationImpl.groovy:143)
	at io.restassured.internal.ValidatableResponseOptionsImpl.statusCode(ValidatableResponseOptionsImpl.java:89)
	at de.cuioss.jwt.integration.AbstractJwtValidationEndpointTest$PositiveTests.validateIdTokenEndpointPositive(AbstractJwtValidationEndpointTest.java:118)
	at java.base/java.lang.reflect.Method.invoke(Method.java:580)
	at java.base/java.util.ArrayList.forEach(ArrayList.java:1596)
	at java.base/java.util.ArrayList.forEach(ArrayList.java:1596)
	at java.base/java.util.ArrayList.forEach(ArrayList.java:1596)

[ERROR] de.cuioss.jwt.integration.AbstractJwtValidationEndpointTest$PositiveTests.validateAccessTokenEndpointMultipleRequests -- Time elapsed: 0.081 s <<< FAILURE!
java.lang.AssertionError: 
1 expectation failed.
Expected status code <200> but was <401>.

	at java.base/jdk.internal.reflect.DirectConstructorHandleAccessor.newInstance(DirectConstructorHandleAccessor.java:62)
	at java.base/java.lang.reflect.Constructor.newInstanceWithCaller(Constructor.java:502)
	at java.base/java.lang.reflect.Constructor.newInstance(Constructor.java:486)
	at org.codehaus.groovy.reflection.CachedConstructor.invoke(CachedConstructor.java:73)
	at org.codehaus.groovy.runtime.callsite.ConstructorSite$ConstructorSiteNoUnwrapNoCoerce.callConstructor(ConstructorSite.java:108)
	at org.codehaus.groovy.runtime.callsite.AbstractCallSite.callConstructor(AbstractCallSite.java:277)
	at io.restassured.internal.ResponseSpecificationImpl$HamcrestAssertionClosure.validate(ResponseSpecificationImpl.groovy:512)
	at io.restassured.internal.ResponseSpecificationImpl$HamcrestAssertionClosure$validate$1.call(Unknown Source)
	at io.restassured.internal.ResponseSpecificationImpl.validateResponseIfRequired(ResponseSpecificationImpl.groovy:696)
	at io.restassured.internal.ResponseSpecificationImpl.this$2$validateResponseIfRequired(ResponseSpecificationImpl.groovy)
	at java.base/jdk.internal.reflect.DirectMethodHandleAccessor.invoke(DirectMethodHandleAccessor.java:103)
	at java.base/java.lang.reflect.Method.invoke(Method.java:580)
	at org.codehaus.groovy.runtime.callsite.PlainObjectMetaMethodSite.doInvoke(PlainObjectMetaMethodSite.java:43)
	at org.codehaus.groovy.runtime.callsite.PogoMetaMethodSite$PogoCachedMethodSiteNoUnwrapNoCoerce.invoke(PogoMetaMethodSite.java:198)
	at org.codehaus.groovy.runtime.callsite.PogoMetaMethodSite.callCurrent(PogoMetaMethodSite.java:62)
	at org.codehaus.groovy.runtime.callsite.AbstractCallSite.callCurrent(AbstractCallSite.java:185)
	at io.restassured.internal.ResponseSpecificationImpl.statusCode(ResponseSpecificationImpl.groovy:135)
	at io.restassured.specification.ResponseSpecification$statusCode$0.callCurrent(Unknown Source)
	at io.restassured.internal.ResponseSpecificationImpl.statusCode(ResponseSpecificationImpl.groovy:143)
	at io.restassured.internal.ValidatableResponseOptionsImpl.statusCode(ValidatableResponseOptionsImpl.java:89)
	at de.cuioss.jwt.integration.AbstractJwtValidationEndpointTest$PositiveTests.validateAccessTokenEndpointMultipleRequests(AbstractJwtValidationEndpointTest.java:159)
	at java.base/java.lang.reflect.Method.invoke(Method.java:580)
	at java.base/java.util.ArrayList.forEach(ArrayList.java:1596)
	at java.base/java.util.ArrayList.forEach(ArrayList.java:1596)
	at java.base/java.util.ArrayList.forEach(ArrayList.java:1596)

[INFO] Tests run: 2, Failures: 0, Errors: 0, Skipped: 0, Time elapsed: 3.113 s -- in de.cuioss.jwt.integration.JwtValidationEndpointBenchmarkIT
[INFO] Running de.cuioss.jwt.integration.HealthCheckIntegrationIT
2025-09-06 11:43:27,213 FINE  [de.cui.jwt.int.BaseIntegrationTest] (main) Configured relaxed HTTPS validation for integration tests
2025-09-06 11:43:27,217 INFO  [de.cui.jwt.int.BaseIntegrationTest] (main) Integration tests configured for HTTPS port: 10443 with relaxed HTTPS validation
[INFO] Tests run: 4, Failures: 0, Errors: 0, Skipped: 0, Time elapsed: 1.120 s -- in de.cuioss.jwt.integration.HealthCheckIntegrationIT
[INFO] 
[INFO] Results:
[INFO] 
[ERROR] Failures: 
[ERROR] de.cuioss.jwt.integration.AbstractJwtValidationEndpointTest$BearerTokenProducerTests.bearerTokenEndpointValidation(String)[1]
[ERROR]   Run 1: AbstractJwtValidationEndpointTest$BearerTokenProducerTests.bearerTokenEndpointValidation:191 1 expectation failed.
Expected status code <200> but was <401>.

[ERROR]   Run 2: AbstractJwtValidationEndpointTest$BearerTokenProducerTests.bearerTokenEndpointValidation:191 1 expectation failed.
Expected status code <200> but was <401>.

[INFO] 
[ERROR] de.cuioss.jwt.integration.AbstractJwtValidationEndpointTest$BearerTokenProducerTests.bearerTokenEndpointValidation(String)[2]
[ERROR]   Run 1: AbstractJwtValidationEndpointTest$BearerTokenProducerTests.bearerTokenEndpointValidation:191 1 expectation failed.
Expected status code <200> but was <401>.

[ERROR]   Run 2: AbstractJwtValidationEndpointTest$BearerTokenProducerTests.bearerTokenEndpointValidation:191 1 expectation failed.
Expected status code <200> but was <401>.

[INFO] 
[ERROR] de.cuioss.jwt.integration.AbstractJwtValidationEndpointTest$BearerTokenProducerTests.bearerTokenEndpointValidation(String)[3]
[ERROR]   Run 1: AbstractJwtValidationEndpointTest$BearerTokenProducerTests.bearerTokenEndpointValidation:191 1 expectation failed.
Expected status code <200> but was <401>.

[ERROR]   Run 2: AbstractJwtValidationEndpointTest$BearerTokenProducerTests.bearerTokenEndpointValidation:191 1 expectation failed.
Expected status code <200> but was <401>.

[INFO] 
[ERROR] de.cuioss.jwt.integration.AbstractJwtValidationEndpointTest$BearerTokenProducerTests.bearerTokenEndpointValidation(String)[4]
[ERROR]   Run 1: AbstractJwtValidationEndpointTest$BearerTokenProducerTests.bearerTokenEndpointValidation:191 1 expectation failed.
Expected status code <200> but was <401>.

[ERROR]   Run 2: AbstractJwtValidationEndpointTest$BearerTokenProducerTests.bearerTokenEndpointValidation:191 1 expectation failed.
Expected status code <200> but was <401>.

[INFO] 
[ERROR] de.cuioss.jwt.integration.AbstractJwtValidationEndpointTest$PositiveTests.validateAccessTokenEndpointMultipleRequests
[ERROR]   Run 1: AbstractJwtValidationEndpointTest$PositiveTests.validateAccessTokenEndpointMultipleRequests:159 1 expectation failed.
Expected status code <200> but was <401>.

[ERROR]   Run 2: AbstractJwtValidationEndpointTest$PositiveTests.validateAccessTokenEndpointMultipleRequests:159 1 expectation failed.
Expected status code <200> but was <401>.

[INFO] 
[ERROR] de.cuioss.jwt.integration.AbstractJwtValidationEndpointTest$PositiveTests.validateAccessTokenEndpointPositive
[ERROR]   Run 1: AbstractJwtValidationEndpointTest$PositiveTests.validateAccessTokenEndpointPositive:98 1 expectation failed.
Expected status code <200> but was <401>.

[ERROR]   Run 2: AbstractJwtValidationEndpointTest$PositiveTests.validateAccessTokenEndpointPositive:98 1 expectation failed.
Expected status code <200> but was <401>.

[INFO] 
[ERROR] de.cuioss.jwt.integration.AbstractJwtValidationEndpointTest$PositiveTests.validateIdTokenEndpointPositive
[ERROR]   Run 1: AbstractJwtValidationEndpointTest$PositiveTests.validateIdTokenEndpointPositive:118 1 expectation failed.
Expected status code <200> but was <401>.

[ERROR]   Run 2: AbstractJwtValidationEndpointTest$PositiveTests.validateIdTokenEndpointPositive:118 1 expectation failed.
Expected status code <200> but was <401>.

[INFO] 
[ERROR]   HealthCheckBlockingReproductionIT.shouldDemonstrateHealthCheckBlockingBehavior:84->analyzeBlockingBehavior:192 Expected to demonstrate blocking behavior (timeouts or slow responses) ==> expected: <true> but was: <false>
[ERROR]   StartupTimingIssueReproductionIT.shouldReproduceStartupTimingIssuePattern:69->checkJwtValidationEndpoint:167 1 expectation failed.
Expected status code <400> but was <401>.

[INFO] 
[ERROR] Tests run: 44, Failures: 9, Errors: 0, Skipped: 0
[INFO] 
[INFO] 
[INFO] --- exec:3.5.1:exec (dump-quarkus-logs) @ cui-jwt-quarkus-integration-tests ---
üöÄ Dumping JWT Integration Tests container logs...
üì¶ Quarkus container: cui-jwt-quarkus-integration-tests-cui-jwt-integration-tests-1
üì¶ Keycloak container: cui-jwt-quarkus-integration-tests-keycloak-1
üìù Output files: /Users/oliver/git/cui-jwt/cui-jwt-quarkus-parent/cui-jwt-quarkus-integration-tests/target/

üìã Processing Quarkus container...
‚úÖ Container is running
üì• Dumping Quarkus logs to: cui-jwt-quarkus-logs-2025-09-06_11-43-28.txt
‚úÖ Successfully dumped     1697 lines (212K) to: cui-jwt-quarkus-logs-2025-09-06_11-43-28.txt
üìç Full path: /Users/oliver/git/cui-jwt/cui-jwt-quarkus-parent/cui-jwt-quarkus-integration-tests/target/cui-jwt-quarkus-logs-2025-09-06_11-43-28.txt

üìã Processing Keycloak container...
‚úÖ Container is running
üì• Dumping Keycloak logs to: cui-jwt-keycloak-logs-2025-09-06_11-43-28.txt
‚úÖ Successfully dumped       54 lines ( 12K) to: cui-jwt-keycloak-logs-2025-09-06_11-43-28.txt
üìç Full path: /Users/oliver/git/cui-jwt/cui-jwt-quarkus-parent/cui-jwt-quarkus-integration-tests/target/cui-jwt-keycloak-logs-2025-09-06_11-43-28.txt

üìä Log Dump Summary:
‚úÖ Quarkus logs: cui-jwt-quarkus-logs-2025-09-06_11-43-28.txt
‚úÖ Keycloak logs: cui-jwt-keycloak-logs-2025-09-06_11-43-28.txt
üéâ All container logs successfully dumped to: /Users/oliver/git/cui-jwt/cui-jwt-quarkus-parent/cui-jwt-quarkus-integration-tests/target
[INFO] 
[INFO] --- exec:3.5.1:exec (stop-integration-app) @ cui-jwt-quarkus-integration-tests ---
üõë Stopping JWT Integration Tests Docker containers
üì¶ Stopping Docker containers (native mode)...
‚úÖ JWT Integration Tests stopped successfully
‚úÖ All containers are stopped
[INFO] 
[INFO] --- failsafe:3.5.3:verify (default) @ cui-jwt-quarkus-integration-tests ---
[INFO] ------------------------------------------------------------------------
[INFO] BUILD FAILURE
[INFO] ------------------------------------------------------------------------
[INFO] Total time:  02:44 min
[INFO] Finished at: 2025-09-06T11:43:29+02:00
[INFO] ------------------------------------------------------------------------
[ERROR] Failed to execute goal org.apache.maven.plugins:maven-failsafe-plugin:3.5.3:verify (default) on project cui-jwt-quarkus-integration-tests: There are test failures.
[ERROR] 
[ERROR] See /Users/oliver/git/cui-jwt/cui-jwt-quarkus-parent/cui-jwt-quarkus-integration-tests/target/failsafe-reports for the individual test results.
[ERROR] See dump files (if any exist) [date].dump, [date]-jvmRun[N].dump and [date].dumpstream.
[ERROR] -> [Help 1]
[ERROR] 
[ERROR] To see the full stack trace of the errors, re-run Maven with the -e switch.
[ERROR] Re-run Maven using the -X switch to enable full debug logging.
[ERROR] 
[ERROR] For more information about the errors and possible solutions, please read the following articles:
[ERROR] [Help 1] http://cwiki.apache.org/confluence/display/MAVEN/MojoFailureException
